INFO,2026-02-06 21:18:31,
===================================================
			Starting Mobile Monitor!			
===================================================
INFO,2026-02-06 21:19:36,
===================================================
			Starting Mobile Monitor!			
===================================================
DEBUG,2026-02-06 21:19:36,$GPRMC,051937.00,A,3642.22835,N,12136.46593,W,0.083,,070226,,,D*63
DEBUG,2026-02-06 21:19:36,$GPRMC,051937.00,A,3642.22835,N,12136.46593,W,0.083,,070226,,,D*63
DEBUG,2026-02-06 21:19:36,$GPVTG,,T,,M,0.083,N,0.153,K,D*2A
DEBUG,2026-02-06 21:19:36,$GPVTG,,T,,M,0.083,N,0.153,K,D*2A
DEBUG,2026-02-06 21:19:36,$GPGGA,051937.00,3642.22835,N,12136.46593,W,2,09,0.92,34.1,M,-30.7,M,,0000*5E
DEBUG,2026-02-06 21:19:36,$GPGGA,051937.00,3642.22835,N,12136.46593,W,2,09,0.92,34.1,M,-30.7,M,,0000*5E
DEBUG,2026-02-06 21:19:36,Lat: 36.703805833333334, Lon: -121.6077655, Alt: 34.1 M, Fix: 2
DEBUG,2026-02-06 21:19:36,$GPGSA,A,3,18,16,23,27,08,10,32,15,46,,,,1.71,0.92,1.44*0B
DEBUG,2026-02-06 21:19:36,$GPGSA,A,3,18,16,23,27,08,10,32,15,46,,,,1.71,0.92,1.44*0B
DEBUG,2026-02-06 21:19:36,$GPGSV,4,1,13,08,21,315,28,10,64,290,30,15,16,043,22,16,14,249,26*7E
DEBUG,2026-02-06 21:19:36,$GPGSV,4,1,13,08,21,315,28,10,64,290,30,15,16,043,22,16,14,249,26*7E
DEBUG,2026-02-06 21:19:36,$GPGSV,4,2,13,18,48,091,29,23,58,029,31,24,15,087,,26,01,221,16*70
DEBUG,2026-02-06 21:19:36,$GPGSV,4,2,13,18,48,091,29,23,58,029,31,24,15,087,,26,01,221,16*70
DEBUG,2026-02-06 21:19:36,$GPGSV,4,3,13,27,48,294,29,29,00,153,,32,35,188,25,46,47,193,32*77
DEBUG,2026-02-06 21:19:36,$GPGSV,4,3,13,27,48,294,29,29,00,153,,32,35,188,25,46,47,193,32*77
DEBUG,2026-02-06 21:19:36,$GPGSV,4,4,13,48,47,186,*4B
DEBUG,2026-02-06 21:19:36,$GPGSV,4,4,13,48,47,186,*4B
DEBUG,2026-02-06 21:19:36,$GPGLL,3642.22835,N,12136.46593,W,051937.00,A,D*70
DEBUG,2026-02-06 21:19:36,$GPGLL,3642.22835,N,12136.46593,W,051937.00,A,D*70
DEBUG,2026-02-06 21:19:37,$GPTXT,01,01,02,u-blox ag - www.u-blox.com*50
DEBUG,2026-02-06 21:19:37,$GPTXT,01,01,02,u-blox ag - www.u-blox.com*50
DEBUG,2026-02-06 21:19:37,$GPTXT,01,01,02,HW  UBX-G70xx   00070000 FF7FFFFFo*69
DEBUG,2026-02-06 21:19:37,$GPTXT,01,01,02,HW  UBX-G70xx   00070000 FF7FFFFFo*69
DEBUG,2026-02-06 21:19:37,$GPTXT,01,01,02,ROM CORE 1.00 (59842) Jun 27 2012 17:43:52*59
DEBUG,2026-02-06 21:19:37,$GPTXT,01,01,02,ROM CORE 1.00 (59842) Jun 27 2012 17:43:52*59
DEBUG,2026-02-06 21:19:37,$GPTXT,01,01,02,PROTVER 14.00*1E
DEBUG,2026-02-06 21:19:37,$GPTXT,01,01,02,PROTVER 14.00*1E
DEBUG,2026-02-06 21:19:37,$GPTXT,01,01,02,ANTSUPERV=AC SD PDoS SR*20
DEBUG,2026-02-06 21:19:37,$GPTXT,01,01,02,ANTSUPERV=AC SD PDoS SR*20
DEBUG,2026-02-06 21:19:37,$GPTXT,01,01,02,ANTSTATUS=OK*3B
DEBUG,2026-02-06 21:19:37,$GPTXT,01,01,02,ANTSTATUS=OK*3B
DEBUG,2026-02-06 21:19:37,$GPTXT,01,01,02,LLC FFFFFFFF-FFFFFFFF-FFFFFFFF-FFFFFFFF-FFFFFFFD*2C
DEBUG,2026-02-06 21:19:37,$GPTXT,01,01,02,LLC FFFFFFFF-FFFFFFFF-FFFFFFFF-FFFFFFFF-FFFFFFFD*2C
DEBUG,2026-02-06 21:19:37,$GPRMC,051938.00,A,3642.22838,N,12136.46589,W,0.093,,070226,,,D*6B
DEBUG,2026-02-06 21:19:37,$GPRMC,051938.00,A,3642.22838,N,12136.46589,W,0.093,,070226,,,D*6B
DEBUG,2026-02-06 21:19:37,$GPVTG,,T,,M,0.093,N,0.172,K,D*28
DEBUG,2026-02-06 21:19:37,$GPVTG,,T,,M,0.093,N,0.172,K,D*28
DEBUG,2026-02-06 21:19:37,$GPGGA,051938.00,3642.22838,N,12136.46589,W,2,09,0.92,34.1,M,-30.7,M,,0000*57
DEBUG,2026-02-06 21:19:37,$GPGGA,051938.00,3642.22838,N,12136.46589,W,2,09,0.92,34.1,M,-30.7,M,,0000*57
DEBUG,2026-02-06 21:19:37,Lat: 36.70380633333333, Lon: -121.60776483333333, Alt: 34.1 M, Fix: 2
DEBUG,2026-02-06 21:19:37,$GPGSA,A,3,18,16,23,27,08,10,32,15,46,,,,1.71,0.92,1.44*0B
DEBUG,2026-02-06 21:19:37,$GPGSA,A,3,18,16,23,27,08,10,32,15,46,,,,1.71,0.92,1.44*0B
DEBUG,2026-02-06 21:19:37,$GPGSV,4,1,13,08,21,315,28,10,64,290,32,15,16,043,23,16,14,249,27*7C
DEBUG,2026-02-06 21:19:37,$GPGSV,4,1,13,08,21,315,28,10,64,290,32,15,16,043,23,16,14,249,27*7C
DEBUG,2026-02-06 21:19:37,$GPGSV,4,2,13,18,48,091,29,23,58,029,31,24,15,087,,26,01,221,15*73
DEBUG,2026-02-06 21:19:37,$GPGSV,4,2,13,18,48,091,29,23,58,029,31,24,15,087,,26,01,221,15*73
DEBUG,2026-02-06 21:19:37,$GPGSV,4,3,13,27,48,294,30,29,00,153,,32,35,188,25,46,47,193,33*7E
DEBUG,2026-02-06 21:19:37,$GPGSV,4,3,13,27,48,294,30,29,00,153,,32,35,188,25,46,47,193,33*7E
DEBUG,2026-02-06 21:19:37,$GPGSV,4,4,13,48,47,186,*4B
DEBUG,2026-02-06 21:19:37,$GPGSV,4,4,13,48,47,186,*4B
DEBUG,2026-02-06 21:19:37,$GPGLL,3642.22838,N,12136.46589,W,051938.00,A,D*79
DEBUG,2026-02-06 21:19:37,$GPGLL,3642.22838,N,12136.46589,W,051938.00,A,D*79
DEBUG,2026-02-06 21:19:38,$GPRMC,051939.00,A,3642.22842,N,12136.46595,W,0.028,,070226,,,D*6A
DEBUG,2026-02-06 21:19:38,$GPRMC,051939.00,A,3642.22842,N,12136.46595,W,0.028,,070226,,,D*6A
DEBUG,2026-02-06 21:19:38,$GPVTG,,T,,M,0.028,N,0.051,K,D*28
DEBUG,2026-02-06 21:19:38,$GPVTG,,T,,M,0.028,N,0.051,K,D*28
DEBUG,2026-02-06 21:19:38,$GPGGA,051939.00,3642.22842,N,12136.46595,W,2,09,0.92,34.3,M,-30.7,M,,0000*54
DEBUG,2026-02-06 21:19:38,$GPGGA,051939.00,3642.22842,N,12136.46595,W,2,09,0.92,34.3,M,-30.7,M,,0000*54
DEBUG,2026-02-06 21:19:38,Lat: 36.703807, Lon: -121.60776583333333, Alt: 34.3 M, Fix: 2
DEBUG,2026-02-06 21:19:38,$GPGSA,A,3,18,16,23,27,08,10,32,15,46,,,,1.71,0.92,1.44*0B
DEBUG,2026-02-06 21:19:38,$GPGSA,A,3,18,16,23,27,08,10,32,15,46,,,,1.71,0.92,1.44*0B
DEBUG,2026-02-06 21:19:38,$GPGSV,4,1,13,08,21,315,28,10,64,290,32,15,16,043,24,16,14,249,27*7B
DEBUG,2026-02-06 21:19:38,$GPGSV,4,1,13,08,21,315,28,10,64,290,32,15,16,043,24,16,14,249,27*7B
DEBUG,2026-02-06 21:19:38,$GPGSV,4,2,13,18,48,091,30,23,58,029,30,24,15,087,,26,01,221,15*7A
DEBUG,2026-02-06 21:19:38,$GPGSV,4,2,13,18,48,091,30,23,58,029,30,24,15,087,,26,01,221,15*7A
DEBUG,2026-02-06 21:19:38,$GPGSV,4,3,13,27,48,294,30,29,00,153,,32,35,188,25,46,47,193,33*7E
DEBUG,2026-02-06 21:19:38,$GPGSV,4,3,13,27,48,294,30,29,00,153,,32,35,188,25,46,47,193,33*7E
DEBUG,2026-02-06 21:19:38,$GPGSV,4,4,13,48,47,186,*4B
DEBUG,2026-02-06 21:19:38,$GPGSV,4,4,13,48,47,186,*4B
DEBUG,2026-02-06 21:19:38,$GPGLL,3642.22842,N,12136.46595,W,051939.00,A,D*78
DEBUG,2026-02-06 21:19:38,$GPGLL,3642.22842,N,12136.46595,W,051939.00,A,D*78
DEBUG,2026-02-06 21:19:39,$GPRMC,051940.00,A,3642.22843,N,12136.46597,W,0.053,,070226,,,D*6B
DEBUG,2026-02-06 21:19:39,$GPRMC,051940.00,A,3642.22843,N,12136.46597,W,0.053,,070226,,,D*6B
DEBUG,2026-02-06 21:19:39,$GPVTG,,T,,M,0.053,N,0.099,K,D*20
DEBUG,2026-02-06 21:19:39,$GPVTG,,T,,M,0.053,N,0.099,K,D*20
DEBUG,2026-02-06 21:19:39,$GPGGA,051940.00,3642.22843,N,12136.46597,W,2,09,0.92,34.4,M,-30.7,M,,0000*5E
DEBUG,2026-02-06 21:19:39,$GPGGA,051940.00,3642.22843,N,12136.46597,W,2,09,0.92,34.4,M,-30.7,M,,0000*5E
DEBUG,2026-02-06 21:19:39,Lat: 36.703807166666664, Lon: -121.60776616666666, Alt: 34.4 M, Fix: 2
DEBUG,2026-02-06 21:19:39,$GPGSA,A,3,18,16,23,27,08,10,32,15,46,,,,1.71,0.92,1.44*0B
DEBUG,2026-02-06 21:19:39,$GPGSA,A,3,18,16,23,27,08,10,32,15,46,,,,1.71,0.92,1.44*0B
DEBUG,2026-02-06 21:19:39,$GPGSV,4,1,13,08,21,315,28,10,64,290,32,15,16,043,24,16,14,249,27*7B
DEBUG,2026-02-06 21:19:39,$GPGSV,4,1,13,08,21,315,28,10,64,290,32,15,16,043,24,16,14,249,27*7B
DEBUG,2026-02-06 21:19:39,$GPGSV,4,2,13,18,48,091,29,23,58,029,30,24,15,087,,26,01,221,15*72
DEBUG,2026-02-06 21:19:39,$GPGSV,4,2,13,18,48,091,29,23,58,029,30,24,15,087,,26,01,221,15*72
DEBUG,2026-02-06 21:19:39,$GPGSV,4,3,13,27,48,294,30,29,00,153,,32,35,188,25,46,47,193,33*7E
DEBUG,2026-02-06 21:19:39,$GPGSV,4,3,13,27,48,294,30,29,00,153,,32,35,188,25,46,47,193,33*7E
DEBUG,2026-02-06 21:19:39,$GPGSV,4,4,13,48,47,186,*4B
DEBUG,2026-02-06 21:19:39,$GPGSV,4,4,13,48,47,186,*4B
DEBUG,2026-02-06 21:19:39,$GPGLL,3642.22843,N,12136.46597,W,051940.00,A,D*75
DEBUG,2026-02-06 21:19:39,$GPGLL,3642.22843,N,12136.46597,W,051940.00,A,D*75
DEBUG,2026-02-06 21:19:40,$GPRMC,051941.00,A,3642.22844,N,12136.46605,W,0.036,,070226,,,D*66
DEBUG,2026-02-06 21:19:40,$GPRMC,051941.00,A,3642.22844,N,12136.46605,W,0.036,,070226,,,D*66
DEBUG,2026-02-06 21:19:40,$GPVTG,,T,,M,0.036,N,0.066,K,D*23
DEBUG,2026-02-06 21:19:40,$GPVTG,,T,,M,0.036,N,0.066,K,D*23
DEBUG,2026-02-06 21:19:40,$GPGGA,051941.00,3642.22844,N,12136.46605,W,2,09,0.92,34.7,M,-30.7,M,,0000*53
DEBUG,2026-02-06 21:19:40,$GPGGA,051941.00,3642.22844,N,12136.46605,W,2,09,0.92,34.7,M,-30.7,M,,0000*53
DEBUG,2026-02-06 21:19:40,Lat: 36.70380733333333, Lon: -121.6077675, Alt: 34.7 M, Fix: 2
DEBUG,2026-02-06 21:19:40,$GPGSA,A,3,18,16,23,27,08,10,32,15,46,,,,1.71,0.92,1.44*0B
DEBUG,2026-02-06 21:19:40,$GPGSA,A,3,18,16,23,27,08,10,32,15,46,,,,1.71,0.92,1.44*0B
DEBUG,2026-02-06 21:19:40,$GPGSV,4,1,13,08,21,315,28,10,64,290,32,15,16,043,24,16,14,249,27*7B
DEBUG,2026-02-06 21:19:40,$GPGSV,4,1,13,08,21,315,28,10,64,290,32,15,16,043,24,16,14,249,27*7B
DEBUG,2026-02-06 21:19:40,$GPGSV,4,2,13,18,48,091,30,23,58,029,30,24,15,087,,26,01,221,15*7A
DEBUG,2026-02-06 21:19:40,$GPGSV,4,2,13,18,48,091,30,23,58,029,30,24,15,087,,26,01,221,15*7A
DEBUG,2026-02-06 21:19:40,$GPGSV,4,3,13,27,48,294,30,29,00,153,,32,35,188,24,46,47,193,33*7F
DEBUG,2026-02-06 21:19:40,$GPGSV,4,3,13,27,48,294,30,29,00,153,,32,35,188,24,46,47,193,33*7F
DEBUG,2026-02-06 21:19:40,$GPGSV,4,4,13,48,47,186,*4B
DEBUG,2026-02-06 21:19:40,$GPGSV,4,4,13,48,47,186,*4B
DEBUG,2026-02-06 21:19:40,$GPGLL,3642.22844,N,12136.46605,W,051941.00,A,D*7B
DEBUG,2026-02-06 21:19:40,$GPGLL,3642.22844,N,12136.46605,W,051941.00,A,D*7B
DEBUG,2026-02-06 21:19:41,$GPRMC,051942.00,A,3642.22845,N,12136.46611,W,0.091,,070226,,,D*6C
DEBUG,2026-02-06 21:19:41,$GPRMC,051942.00,A,3642.22845,N,12136.46611,W,0.091,,070226,,,D*6C
DEBUG,2026-02-06 21:19:41,$GPVTG,,T,,M,0.091,N,0.168,K,D*21
DEBUG,2026-02-06 21:19:41,$GPVTG,,T,,M,0.091,N,0.168,K,D*21
DEBUG,2026-02-06 21:19:41,$GPGGA,051942.00,3642.22845,N,12136.46611,W,2,09,0.92,34.9,M,-30.7,M,,0000*5A
DEBUG,2026-02-06 21:19:41,$GPGGA,051942.00,3642.22845,N,12136.46611,W,2,09,0.92,34.9,M,-30.7,M,,0000*5A
DEBUG,2026-02-06 21:19:41,Lat: 36.7038075, Lon: -121.6077685, Alt: 34.9 M, Fix: 2
DEBUG,2026-02-06 21:19:41,$GPGSA,A,3,18,16,23,27,08,10,32,15,46,,,,1.71,0.92,1.44*0B
DEBUG,2026-02-06 21:19:41,$GPGSA,A,3,18,16,23,27,08,10,32,15,46,,,,1.71,0.92,1.44*0B
DEBUG,2026-02-06 21:19:41,$GPGSV,4,1,13,08,21,315,28,10,64,290,32,15,16,043,24,16,14,249,27*7B
DEBUG,2026-02-06 21:19:41,$GPGSV,4,1,13,08,21,315,28,10,64,290,32,15,16,043,24,16,14,249,27*7B
DEBUG,2026-02-06 21:19:41,$GPGSV,4,2,13,18,48,091,29,23,58,029,30,24,15,087,,26,01,221,15*72
DEBUG,2026-02-06 21:19:41,$GPGSV,4,2,13,18,48,091,29,23,58,029,30,24,15,087,,26,01,221,15*72
DEBUG,2026-02-06 21:19:41,$GPGSV,4,3,13,27,48,294,30,29,00,153,,32,35,188,24,46,47,193,32*7E
DEBUG,2026-02-06 21:19:41,$GPGSV,4,3,13,27,48,294,30,29,00,153,,32,35,188,24,46,47,193,32*7E
DEBUG,2026-02-06 21:19:41,$GPGSV,4,4,13,48,47,186,*4B
DEBUG,2026-02-06 21:19:41,$GPGSV,4,4,13,48,47,186,*4B
DEBUG,2026-02-06 21:19:41,$GPGLL,3642.22845,N,12136.46611,W,051942.00,A,D*7C
DEBUG,2026-02-06 21:19:41,$GPGLL,3642.22845,N,12136.46611,W,051942.00,A,D*7C
DEBUG,2026-02-06 21:19:42,$GPRMC,051943.00,A,3642.22841,N,12136.46613,W,0.098,,070226,,,D*62
DEBUG,2026-02-06 21:19:42,$GPRMC,051943.00,A,3642.22841,N,12136.46613,W,0.098,,070226,,,D*62
DEBUG,2026-02-06 21:19:42,$GPVTG,,T,,M,0.098,N,0.182,K,D*2C
DEBUG,2026-02-06 21:19:42,$GPVTG,,T,,M,0.098,N,0.182,K,D*2C
DEBUG,2026-02-06 21:19:42,$GPGGA,051943.00,3642.22841,N,12136.46613,W,2,09,0.92,35.1,M,-30.7,M,,0000*54
DEBUG,2026-02-06 21:19:42,$GPGGA,051943.00,3642.22841,N,12136.46613,W,2,09,0.92,35.1,M,-30.7,M,,0000*54
DEBUG,2026-02-06 21:19:42,Lat: 36.70380683333333, Lon: -121.60776883333334, Alt: 35.1 M, Fix: 2
DEBUG,2026-02-06 21:19:42,$GPGSA,A,3,18,16,23,27,08,10,32,15,46,,,,1.71,0.92,1.44*0B
DEBUG,2026-02-06 21:19:42,$GPGSA,A,3,18,16,23,27,08,10,32,15,46,,,,1.71,0.92,1.44*0B
DEBUG,2026-02-06 21:19:42,$GPGSV,4,1,13,08,21,315,28,10,64,290,32,15,16,043,24,16,14,249,27*7B
DEBUG,2026-02-06 21:19:42,$GPGSV,4,1,13,08,21,315,28,10,64,290,32,15,16,043,24,16,14,249,27*7B
DEBUG,2026-02-06 21:19:42,$GPGSV,4,2,13,18,48,091,29,23,58,029,30,24,15,087,,26,01,221,15*72
DEBUG,2026-02-06 21:19:42,$GPGSV,4,2,13,18,48,091,29,23,58,029,30,24,15,087,,26,01,221,15*72
DEBUG,2026-02-06 21:19:42,$GPGSV,4,3,13,27,48,294,30,29,00,153,,32,35,188,23,46,47,193,33*78
DEBUG,2026-02-06 21:19:42,$GPGSV,4,3,13,27,48,294,30,29,00,153,,32,35,188,23,46,47,193,33*78
DEBUG,2026-02-06 21:19:42,$GPGSV,4,4,13,48,47,186,*4B
DEBUG,2026-02-06 21:19:42,$GPGSV,4,4,13,48,47,186,*4B
DEBUG,2026-02-06 21:19:42,$GPGLL,3642.22841,N,12136.46613,W,051943.00,A,D*7B
DEBUG,2026-02-06 21:19:42,$GPGLL,3642.22841,N,12136.46613,W,051943.00,A,D*7B
DEBUG,2026-02-06 21:19:43,$GPRMC,051944.00,A,3642.22839,N,12136.46614,W,0.035,,070226,,,D*6A
DEBUG,2026-02-06 21:19:43,$GPRMC,051944.00,A,3642.22839,N,12136.46614,W,0.035,,070226,,,D*6A
DEBUG,2026-02-06 21:19:43,$GPVTG,,T,,M,0.035,N,0.065,K,D*23
DEBUG,2026-02-06 21:19:43,$GPVTG,,T,,M,0.035,N,0.065,K,D*23
DEBUG,2026-02-06 21:19:43,$GPGGA,051944.00,3642.22839,N,12136.46614,W,2,09,0.92,35.2,M,-30.7,M,,0000*58
DEBUG,2026-02-06 21:19:43,$GPGGA,051944.00,3642.22839,N,12136.46614,W,2,09,0.92,35.2,M,-30.7,M,,0000*58
DEBUG,2026-02-06 21:19:43,Lat: 36.7038065, Lon: -121.607769, Alt: 35.2 M, Fix: 2
DEBUG,2026-02-06 21:19:43,$GPGSA,A,3,18,16,23,27,08,10,32,15,46,,,,1.71,0.92,1.44*0B
DEBUG,2026-02-06 21:19:43,$GPGSA,A,3,18,16,23,27,08,10,32,15,46,,,,1.71,0.92,1.44*0B
DEBUG,2026-02-06 21:19:43,$GPGSV,4,1,13,08,21,315,29,10,64,290,33,15,16,043,24,16,14,249,28*74
DEBUG,2026-02-06 21:19:43,$GPGSV,4,1,13,08,21,315,29,10,64,290,33,15,16,043,24,16,14,249,28*74
DEBUG,2026-02-06 21:19:43,$GPGSV,4,2,13,18,48,091,29,23,58,029,31,24,15,087,,26,01,221,18*7E
DEBUG,2026-02-06 21:19:43,$GPGSV,4,2,13,18,48,091,29,23,58,029,31,24,15,087,,26,01,221,18*7E
DEBUG,2026-02-06 21:19:43,$GPGSV,4,3,13,27,48,294,30,29,00,153,,32,35,188,24,46,47,193,33*7F
DEBUG,2026-02-06 21:19:43,$GPGSV,4,3,13,27,48,294,30,29,00,153,,32,35,188,24,46,47,193,33*7F
DEBUG,2026-02-06 21:19:43,$GPGSV,4,4,13,48,47,186,*4B
DEBUG,2026-02-06 21:19:43,$GPGSV,4,4,13,48,47,186,*4B
DEBUG,2026-02-06 21:19:43,$GPGLL,3642.22839,N,12136.46614,W,051944.00,A,D*74
DEBUG,2026-02-06 21:19:43,$GPGLL,3642.22839,N,12136.46614,W,051944.00,A,D*74
DEBUG,2026-02-06 21:19:44,$GPRMC,051945.00,A,3642.22837,N,12136.46614,W,0.074,,070226,,,D*60
DEBUG,2026-02-06 21:19:44,$GPRMC,051945.00,A,3642.22837,N,12136.46614,W,0.074,,070226,,,D*60
DEBUG,2026-02-06 21:19:44,$GPVTG,,T,,M,0.074,N,0.137,K,D*20
DEBUG,2026-02-06 21:19:44,$GPVTG,,T,,M,0.074,N,0.137,K,D*20
DEBUG,2026-02-06 21:19:44,$GPGGA,051945.00,3642.22837,N,12136.46614,W,2,09,0.92,35.3,M,-30.7,M,,0000*56
DEBUG,2026-02-06 21:19:44,$GPGGA,051945.00,3642.22837,N,12136.46614,W,2,09,0.92,35.3,M,-30.7,M,,0000*56
DEBUG,2026-02-06 21:19:44,Lat: 36.703806166666666, Lon: -121.607769, Alt: 35.3 M, Fix: 2
DEBUG,2026-02-06 21:19:44,$GPGSA,A,3,18,16,23,27,08,10,32,15,46,,,,1.71,0.92,1.44*0B
DEBUG,2026-02-06 21:19:44,$GPGSA,A,3,18,16,23,27,08,10,32,15,46,,,,1.71,0.92,1.44*0B
DEBUG,2026-02-06 21:19:44,$GPGSV,4,1,13,08,21,315,29,10,64,290,29,15,16,043,24,16,14,249,27*70
DEBUG,2026-02-06 21:19:44,$GPGSV,4,1,13,08,21,315,29,10,64,290,29,15,16,043,24,16,14,249,27*70
DEBUG,2026-02-06 21:19:44,$GPGSV,4,2,13,18,48,091,29,23,58,029,32,24,15,087,,26,01,221,13*76
DEBUG,2026-02-06 21:19:44,$GPGSV,4,2,13,18,48,091,29,23,58,029,32,24,15,087,,26,01,221,13*76
DEBUG,2026-02-06 21:19:44,$GPGSV,4,3,13,27,48,294,31,29,00,153,,32,35,188,23,46,47,193,33*79
DEBUG,2026-02-06 21:19:44,$GPGSV,4,3,13,27,48,294,31,29,00,153,,32,35,188,23,46,47,193,33*79
DEBUG,2026-02-06 21:19:44,$GPGSV,4,4,13,48,47,186,*4B
DEBUG,2026-02-06 21:19:44,$GPGSV,4,4,13,48,47,186,*4B
DEBUG,2026-02-06 21:19:44,$GPGLL,3642.22837,N,12136.46614,W,051945.00,A,D*7B
DEBUG,2026-02-06 21:19:44,$GPGLL,3642.22837,N,12136.46614,W,051945.00,A,D*7B
INFO,2026-02-06 21:21:07,
===================================================
			Starting Mobile Monitor!			
===================================================
INFO,2026-02-06 21:22:11,
===================================================
			Starting Mobile Monitor!			
===================================================
INFO,2026-02-06 21:23:38,
===================================================
			Starting Mobile Monitor!			
===================================================
DEBUG,2026-02-06 21:23:38,$GPRMC,052339.00,A,3642.22820,N,12136.46749,W,0.059,,070226,,,D*62
DEBUG,2026-02-06 21:23:38,$GPRMC,052339.00,A,3642.22820,N,12136.46749,W,0.059,,070226,,,D*62
DEBUG,2026-02-06 21:23:38,$GPVTG,,T,,M,0.059,N,0.109,K,D*22
DEBUG,2026-02-06 21:23:38,$GPVTG,,T,,M,0.059,N,0.109,K,D*22
DEBUG,2026-02-06 21:23:38,$GPGGA,052339.00,3642.22820,N,12136.46749,W,2,10,0.84,39.5,M,-30.7,M,,0000*5E
DEBUG,2026-02-06 21:23:38,$GPGGA,052339.00,3642.22820,N,12136.46749,W,2,10,0.84,39.5,M,-30.7,M,,0000*5E
DEBUG,2026-02-06 21:23:38,Lat: 36.70380333333333, Lon: -121.6077915, Alt: 39.5 M, Fix: 2
DEBUG,2026-02-06 21:23:38,$GPGSA,A,3,18,16,23,27,08,10,32,24,15,46,,,1.53,0.84,1.28*00
DEBUG,2026-02-06 21:23:38,$GPGSA,A,3,18,16,23,27,08,10,32,24,15,46,,,1.53,0.84,1.28*00
DEBUG,2026-02-06 21:23:38,$GPGSV,3,1,12,08,22,314,33,10,65,294,23,15,14,043,25,16,13,247,21*7C
DEBUG,2026-02-06 21:23:38,$GPGSV,3,1,12,08,22,314,33,10,65,294,23,15,14,043,25,16,13,247,21*7C
DEBUG,2026-02-06 21:23:38,$GPGSV,3,2,12,18,47,094,31,23,57,031,29,24,16,085,24,26,00,220,*7A
DEBUG,2026-02-06 21:23:38,$GPGSV,3,2,12,18,47,094,31,23,57,031,29,24,16,085,24,26,00,220,*7A
DEBUG,2026-02-06 21:23:38,$GPGSV,3,3,12,27,49,292,26,32,37,188,12,46,47,193,31,48,47,186,*70
DEBUG,2026-02-06 21:23:38,$GPGSV,3,3,12,27,49,292,26,32,37,188,12,46,47,193,31,48,47,186,*70
DEBUG,2026-02-06 21:23:38,$GPGLL,3642.22820,N,12136.46749,W,052339.00,A,D*76
DEBUG,2026-02-06 21:23:38,$GPGLL,3642.22820,N,12136.46749,W,052339.00,A,D*76
DEBUG,2026-02-06 21:23:39,$GPTXT,01,01,02,u-blox ag - www.u-blox.com*50
DEBUG,2026-02-06 21:23:39,$GPTXT,01,01,02,u-blox ag - www.u-blox.com*50
DEBUG,2026-02-06 21:23:39,$GPTXT,01,01,02,HW  UBX-G70xx   00070000 FF7FFFFFo*69
DEBUG,2026-02-06 21:23:39,$GPTXT,01,01,02,HW  UBX-G70xx   00070000 FF7FFFFFo*69
DEBUG,2026-02-06 21:23:39,$GPTXT,01,01,02,ROM CORE 1.00 (59842) Jun 27 2012 17:43:52*59
DEBUG,2026-02-06 21:23:39,$GPTXT,01,01,02,ROM CORE 1.00 (59842) Jun 27 2012 17:43:52*59
DEBUG,2026-02-06 21:23:39,$GPTXT,01,01,02,PROTVER 14.00*1E
DEBUG,2026-02-06 21:23:39,$GPTXT,01,01,02,PROTVER 14.00*1E
DEBUG,2026-02-06 21:23:39,$GPTXT,01,01,02,ANTSUPERV=AC SD PDoS SR*20
DEBUG,2026-02-06 21:23:39,$GPTXT,01,01,02,ANTSUPERV=AC SD PDoS SR*20
DEBUG,2026-02-06 21:23:39,$GPTXT,01,01,02,ANTSTATUS=OK*3B
DEBUG,2026-02-06 21:23:39,$GPTXT,01,01,02,ANTSTATUS=OK*3B
DEBUG,2026-02-06 21:23:39,$GPTXT,01,01,02,LLC FFFFFFFF-FFFFFFFF-FFFFFFFF-FFFFFFFF-FFFFFFFD*2C
DEBUG,2026-02-06 21:23:39,$GPTXT,01,01,02,LLC FFFFFFFF-FFFFFFFF-FFFFFFFF-FFFFFFFF-FFFFFFFD*2C
DEBUG,2026-02-06 21:23:39,$GPRMC,052340.00,A,3642.22816,N,12136.46746,W,0.066,,070226,,,D*6A
DEBUG,2026-02-06 21:23:39,$GPRMC,052340.00,A,3642.22816,N,12136.46746,W,0.066,,070226,,,D*6A
DEBUG,2026-02-06 21:23:39,$GPVTG,,T,,M,0.066,N,0.122,K,D*27
DEBUG,2026-02-06 21:23:39,$GPVTG,,T,,M,0.066,N,0.122,K,D*27
DEBUG,2026-02-06 21:23:39,$GPGGA,052340.00,3642.22816,N,12136.46746,W,2,10,0.84,39.4,M,-30.7,M,,0000*5B
DEBUG,2026-02-06 21:23:39,$GPGGA,052340.00,3642.22816,N,12136.46746,W,2,10,0.84,39.4,M,-30.7,M,,0000*5B
DEBUG,2026-02-06 21:23:39,Lat: 36.70380266666667, Lon: -121.607791, Alt: 39.4 M, Fix: 2
DEBUG,2026-02-06 21:23:39,$GPGSA,A,3,18,16,23,27,08,10,32,24,15,46,,,1.53,0.84,1.28*00
DEBUG,2026-02-06 21:23:39,$GPGSA,A,3,18,16,23,27,08,10,32,24,15,46,,,1.53,0.84,1.28*00
DEBUG,2026-02-06 21:23:39,$GPGSV,3,1,12,08,22,314,34,10,65,294,22,15,14,043,25,16,13,247,21*7A
DEBUG,2026-02-06 21:23:39,$GPGSV,3,1,12,08,22,314,34,10,65,294,22,15,14,043,25,16,13,247,21*7A
DEBUG,2026-02-06 21:23:39,$GPGSV,3,2,12,18,47,094,31,23,57,031,29,24,16,085,24,26,00,220,*7A
DEBUG,2026-02-06 21:23:39,$GPGSV,3,2,12,18,47,094,31,23,57,031,29,24,16,085,24,26,00,220,*7A
DEBUG,2026-02-06 21:23:39,$GPGSV,3,3,12,27,49,292,26,32,37,188,12,46,47,193,31,48,47,186,*70
DEBUG,2026-02-06 21:23:39,$GPGSV,3,3,12,27,49,292,26,32,37,188,12,46,47,193,31,48,47,186,*70
DEBUG,2026-02-06 21:23:39,$GPGLL,3642.22816,N,12136.46746,W,052340.00,A,D*72
DEBUG,2026-02-06 21:23:39,$GPGLL,3642.22816,N,12136.46746,W,052340.00,A,D*72
DEBUG,2026-02-06 21:23:40,$GPRMC,052341.00,A,3642.22816,N,12136.46747,W,0.091,,070226,,,D*62
DEBUG,2026-02-06 21:23:40,$GPRMC,052341.00,A,3642.22816,N,12136.46747,W,0.091,,070226,,,D*62
DEBUG,2026-02-06 21:23:40,$GPVTG,,T,,M,0.091,N,0.168,K,D*21
DEBUG,2026-02-06 21:23:40,$GPVTG,,T,,M,0.091,N,0.168,K,D*21
DEBUG,2026-02-06 21:23:40,$GPGGA,052341.00,3642.22816,N,12136.46747,W,2,10,0.84,39.4,M,-30.7,M,,0000*5B
DEBUG,2026-02-06 21:23:40,$GPGGA,052341.00,3642.22816,N,12136.46747,W,2,10,0.84,39.4,M,-30.7,M,,0000*5B
DEBUG,2026-02-06 21:23:40,Lat: 36.70380266666667, Lon: -121.60779116666667, Alt: 39.4 M, Fix: 2
DEBUG,2026-02-06 21:23:40,$GPGSA,A,3,18,16,23,27,08,10,32,24,15,46,,,1.53,0.84,1.28*00
DEBUG,2026-02-06 21:23:40,$GPGSA,A,3,18,16,23,27,08,10,32,24,15,46,,,1.53,0.84,1.28*00
DEBUG,2026-02-06 21:23:40,$GPGSV,3,1,12,08,22,314,34,10,65,294,22,15,14,043,25,16,13,247,21*7A
DEBUG,2026-02-06 21:23:40,$GPGSV,3,1,12,08,22,314,34,10,65,294,22,15,14,043,25,16,13,247,21*7A
DEBUG,2026-02-06 21:23:40,$GPGSV,3,2,12,18,47,094,31,23,57,031,29,24,16,085,24,26,00,220,*7A
DEBUG,2026-02-06 21:23:40,$GPGSV,3,2,12,18,47,094,31,23,57,031,29,24,16,085,24,26,00,220,*7A
DEBUG,2026-02-06 21:23:40,$GPGSV,3,3,12,27,49,292,27,32,37,188,12,46,47,193,32,48,47,186,*72
DEBUG,2026-02-06 21:23:40,$GPGSV,3,3,12,27,49,292,27,32,37,188,12,46,47,193,32,48,47,186,*72
DEBUG,2026-02-06 21:23:40,$GPGLL,3642.22816,N,12136.46747,W,052341.00,A,D*72
DEBUG,2026-02-06 21:23:40,$GPGLL,3642.22816,N,12136.46747,W,052341.00,A,D*72
DEBUG,2026-02-06 21:23:41,$GPRMC,052342.00,A,3642.22812,N,12136.46745,W,0.063,,070226,,,D*6A
DEBUG,2026-02-06 21:23:41,$GPRMC,052342.00,A,3642.22812,N,12136.46745,W,0.063,,070226,,,D*6A
DEBUG,2026-02-06 21:23:41,$GPVTG,,T,,M,0.063,N,0.116,K,D*25
DEBUG,2026-02-06 21:23:41,$GPVTG,,T,,M,0.063,N,0.116,K,D*25
DEBUG,2026-02-06 21:23:41,$GPGGA,052342.00,3642.22812,N,12136.46745,W,2,10,0.84,39.4,M,-30.7,M,,0000*5E
DEBUG,2026-02-06 21:23:41,$GPGGA,052342.00,3642.22812,N,12136.46745,W,2,10,0.84,39.4,M,-30.7,M,,0000*5E
DEBUG,2026-02-06 21:23:41,Lat: 36.703802, Lon: -121.60779083333334, Alt: 39.4 M, Fix: 2
DEBUG,2026-02-06 21:23:41,$GPGSA,A,3,18,16,23,27,08,10,32,24,15,46,,,1.53,0.84,1.28*00
DEBUG,2026-02-06 21:23:41,$GPGSA,A,3,18,16,23,27,08,10,32,24,15,46,,,1.53,0.84,1.28*00
DEBUG,2026-02-06 21:23:41,$GPGSV,3,1,12,08,22,314,34,10,65,294,21,15,14,043,25,16,13,247,21*79
DEBUG,2026-02-06 21:23:41,$GPGSV,3,1,12,08,22,314,34,10,65,294,21,15,14,043,25,16,13,247,21*79
DEBUG,2026-02-06 21:23:41,$GPGSV,3,2,12,18,47,094,32,23,57,031,29,24,16,085,23,26,00,220,18*77
DEBUG,2026-02-06 21:23:41,$GPGSV,3,2,12,18,47,094,32,23,57,031,29,24,16,085,23,26,00,220,18*77
DEBUG,2026-02-06 21:23:41,$GPGSV,3,3,12,27,49,292,27,32,37,188,12,46,47,193,32,48,47,186,*72
DEBUG,2026-02-06 21:23:41,$GPGSV,3,3,12,27,49,292,27,32,37,188,12,46,47,193,32,48,47,186,*72
DEBUG,2026-02-06 21:23:41,$GPGLL,3642.22812,N,12136.46745,W,052342.00,A,D*77
DEBUG,2026-02-06 21:23:41,$GPGLL,3642.22812,N,12136.46745,W,052342.00,A,D*77
DEBUG,2026-02-06 21:23:42,$GPRMC,052343.00,A,3642.22810,N,12136.46746,W,0.017,,070226,,,D*69
DEBUG,2026-02-06 21:23:42,$GPRMC,052343.00,A,3642.22810,N,12136.46746,W,0.017,,070226,,,D*69
DEBUG,2026-02-06 21:23:42,$GPVTG,,T,,M,0.017,N,0.031,K,D*22
DEBUG,2026-02-06 21:23:42,$GPVTG,,T,,M,0.017,N,0.031,K,D*22
DEBUG,2026-02-06 21:23:42,$GPGGA,052343.00,3642.22810,N,12136.46746,W,2,10,0.84,39.5,M,-30.7,M,,0000*5F
DEBUG,2026-02-06 21:23:42,$GPGGA,052343.00,3642.22810,N,12136.46746,W,2,10,0.84,39.5,M,-30.7,M,,0000*5F
DEBUG,2026-02-06 21:23:42,Lat: 36.70380166666666, Lon: -121.607791, Alt: 39.5 M, Fix: 2
DEBUG,2026-02-06 21:23:42,$GPGSA,A,3,18,16,23,27,08,10,32,24,15,46,,,1.53,0.84,1.28*00
DEBUG,2026-02-06 21:23:42,$GPGSA,A,3,18,16,23,27,08,10,32,24,15,46,,,1.53,0.84,1.28*00
DEBUG,2026-02-06 21:23:42,$GPGSV,3,1,12,08,22,314,34,10,65,294,21,15,14,043,25,16,13,247,22*7A
DEBUG,2026-02-06 21:23:42,$GPGSV,3,1,12,08,22,314,34,10,65,294,21,15,14,043,25,16,13,247,22*7A
DEBUG,2026-02-06 21:23:42,$GPGSV,3,2,12,18,47,094,32,23,57,031,29,24,16,085,23,26,00,220,15*7A
DEBUG,2026-02-06 21:23:42,$GPGSV,3,2,12,18,47,094,32,23,57,031,29,24,16,085,23,26,00,220,15*7A
DEBUG,2026-02-06 21:23:42,$GPGSV,3,3,12,27,49,292,27,32,37,188,12,46,47,193,32,48,47,186,*72
DEBUG,2026-02-06 21:23:42,$GPGSV,3,3,12,27,49,292,27,32,37,188,12,46,47,193,32,48,47,186,*72
DEBUG,2026-02-06 21:23:42,$GPGLL,3642.22810,N,12136.46746,W,052343.00,A,D*77
DEBUG,2026-02-06 21:23:42,$GPGLL,3642.22810,N,12136.46746,W,052343.00,A,D*77
DEBUG,2026-02-06 21:23:43,$GPRMC,052344.00,A,3642.22814,N,12136.46746,W,0.166,,070226,,,D*6D
DEBUG,2026-02-06 21:23:43,$GPRMC,052344.00,A,3642.22814,N,12136.46746,W,0.166,,070226,,,D*6D
DEBUG,2026-02-06 21:23:43,$GPVTG,,T,,M,0.166,N,0.307,K,D*23
DEBUG,2026-02-06 21:23:43,$GPVTG,,T,,M,0.166,N,0.307,K,D*23
DEBUG,2026-02-06 21:23:43,$GPGGA,052344.00,3642.22814,N,12136.46746,W,2,10,0.84,39.7,M,-30.7,M,,0000*5E
DEBUG,2026-02-06 21:23:43,$GPGGA,052344.00,3642.22814,N,12136.46746,W,2,10,0.84,39.7,M,-30.7,M,,0000*5E
DEBUG,2026-02-06 21:23:43,Lat: 36.703802333333336, Lon: -121.607791, Alt: 39.7 M, Fix: 2
DEBUG,2026-02-06 21:23:43,$GPGSA,A,3,18,16,23,27,08,10,32,24,15,46,,,1.53,0.84,1.28*00
DEBUG,2026-02-06 21:23:43,$GPGSA,A,3,18,16,23,27,08,10,32,24,15,46,,,1.53,0.84,1.28*00
DEBUG,2026-02-06 21:23:43,$GPGSV,3,1,12,08,22,314,33,10,65,294,21,15,14,043,25,16,13,247,22*7D
DEBUG,2026-02-06 21:23:43,$GPGSV,3,1,12,08,22,314,33,10,65,294,21,15,14,043,25,16,13,247,22*7D
DEBUG,2026-02-06 21:23:43,$GPGSV,3,2,12,18,47,094,31,23,57,031,29,24,16,085,23,26,00,220,12*7E
DEBUG,2026-02-06 21:23:43,$GPGSV,3,2,12,18,47,094,31,23,57,031,29,24,16,085,23,26,00,220,12*7E
DEBUG,2026-02-06 21:23:43,$GPGSV,3,3,12,27,49,292,27,32,37,188,14,46,47,193,32,48,47,186,*74
DEBUG,2026-02-06 21:23:43,$GPGSV,3,3,12,27,49,292,27,32,37,188,14,46,47,193,32,48,47,186,*74
DEBUG,2026-02-06 21:23:43,$GPGLL,3642.22814,N,12136.46746,W,052344.00,A,D*74
DEBUG,2026-02-06 21:23:43,$GPGLL,3642.22814,N,12136.46746,W,052344.00,A,D*74
DEBUG,2026-02-06 21:23:43,Latitude, Longitude: (36.703802333333336, -121.607791)
DEBUG,2026-02-06 21:23:43,Download, Upload: (None, None)
DEBUG,2026-02-06 21:23:44,$GPRMC,052345.00,A,3642.22815,N,12136.46746,W,0.090,,070226,,,D*65
DEBUG,2026-02-06 21:23:44,$GPRMC,052345.00,A,3642.22815,N,12136.46746,W,0.090,,070226,,,D*65
DEBUG,2026-02-06 21:23:44,$GPVTG,,T,,M,0.090,N,0.166,K,D*2E
DEBUG,2026-02-06 21:23:44,$GPVTG,,T,,M,0.090,N,0.166,K,D*2E
DEBUG,2026-02-06 21:23:44,$GPGGA,052345.00,3642.22815,N,12136.46746,W,2,10,0.84,39.9,M,-30.7,M,,0000*50
DEBUG,2026-02-06 21:23:44,$GPGGA,052345.00,3642.22815,N,12136.46746,W,2,10,0.84,39.9,M,-30.7,M,,0000*50
DEBUG,2026-02-06 21:23:44,Lat: 36.7038025, Lon: -121.607791, Alt: 39.9 M, Fix: 2
DEBUG,2026-02-06 21:23:44,$GPGSA,A,3,18,16,23,27,08,10,32,24,15,46,,,1.53,0.84,1.28*00
DEBUG,2026-02-06 21:23:44,$GPGSA,A,3,18,16,23,27,08,10,32,24,15,46,,,1.53,0.84,1.28*00
DEBUG,2026-02-06 21:23:44,$GPGSV,3,1,12,08,22,314,34,10,65,294,21,15,14,043,26,16,13,247,22*79
DEBUG,2026-02-06 21:23:44,$GPGSV,3,1,12,08,22,314,34,10,65,294,21,15,14,043,26,16,13,247,22*79
DEBUG,2026-02-06 21:23:44,$GPGSV,3,2,12,18,47,094,32,23,57,031,29,24,16,085,24,26,00,220,11*79
DEBUG,2026-02-06 21:23:44,$GPGSV,3,2,12,18,47,094,32,23,57,031,29,24,16,085,24,26,00,220,11*79
DEBUG,2026-02-06 21:23:44,$GPGSV,3,3,12,27,49,292,27,32,37,188,17,46,47,193,32,48,47,186,*77
DEBUG,2026-02-06 21:23:44,$GPGSV,3,3,12,27,49,292,27,32,37,188,17,46,47,193,32,48,47,186,*77
DEBUG,2026-02-06 21:23:44,$GPGLL,3642.22815,N,12136.46746,W,052345.00,A,D*74
DEBUG,2026-02-06 21:23:44,$GPGLL,3642.22815,N,12136.46746,W,052345.00,A,D*74
DEBUG,2026-02-06 21:23:45,$GPRMC,052346.00,A,3642.22816,N,12136.46744,W,0.174,,070226,,,D*6C
DEBUG,2026-02-06 21:23:45,$GPRMC,052346.00,A,3642.22816,N,12136.46744,W,0.174,,070226,,,D*6C
DEBUG,2026-02-06 21:23:45,$GPVTG,,T,,M,0.174,N,0.322,K,D*27
DEBUG,2026-02-06 21:23:45,$GPVTG,,T,,M,0.174,N,0.322,K,D*27
DEBUG,2026-02-06 21:23:45,$GPGGA,052346.00,3642.22816,N,12136.46744,W,2,10,0.84,39.7,M,-30.7,M,,0000*5C
DEBUG,2026-02-06 21:23:45,$GPGGA,052346.00,3642.22816,N,12136.46744,W,2,10,0.84,39.7,M,-30.7,M,,0000*5C
DEBUG,2026-02-06 21:23:45,Lat: 36.70380266666667, Lon: -121.60779066666667, Alt: 39.7 M, Fix: 2
DEBUG,2026-02-06 21:23:45,$GPGSA,A,3,18,16,23,27,08,10,32,24,15,46,,,1.53,0.84,1.28*00
DEBUG,2026-02-06 21:23:45,$GPGSA,A,3,18,16,23,27,08,10,32,24,15,46,,,1.53,0.84,1.28*00
DEBUG,2026-02-06 21:23:45,$GPGSV,3,1,12,08,22,314,34,10,65,294,21,15,14,043,25,16,13,247,22*7A
DEBUG,2026-02-06 21:23:45,$GPGSV,3,1,12,08,22,314,34,10,65,294,21,15,14,043,25,16,13,247,22*7A
DEBUG,2026-02-06 21:23:45,$GPGSV,3,2,12,18,47,094,31,23,57,031,28,24,16,085,23,26,00,220,11*7C
DEBUG,2026-02-06 21:23:45,$GPGSV,3,2,12,18,47,094,31,23,57,031,28,24,16,085,23,26,00,220,11*7C
DEBUG,2026-02-06 21:23:45,$GPGSV,3,3,12,27,49,292,27,32,37,188,18,46,47,193,32,48,47,186,*78
DEBUG,2026-02-06 21:23:45,$GPGSV,3,3,12,27,49,292,27,32,37,188,18,46,47,193,32,48,47,186,*78
DEBUG,2026-02-06 21:23:45,$GPGLL,3642.22816,N,12136.46744,W,052346.00,A,D*76
DEBUG,2026-02-06 21:23:45,$GPGLL,3642.22816,N,12136.46744,W,052346.00,A,D*76
DEBUG,2026-02-06 21:23:46,$GPRMC,052347.00,A,3642.22817,N,12136.46743,W,0.086,,070226,,,D*67
DEBUG,2026-02-06 21:23:46,$GPRMC,052347.00,A,3642.22817,N,12136.46743,W,0.086,,070226,,,D*67
DEBUG,2026-02-06 21:23:46,$GPVTG,,T,,M,0.086,N,0.159,K,D*25
DEBUG,2026-02-06 21:23:46,$GPVTG,,T,,M,0.086,N,0.159,K,D*25
DEBUG,2026-02-06 21:23:46,$GPGGA,052347.00,3642.22817,N,12136.46743,W,2,10,0.84,39.8,M,-30.7,M,,0000*54
DEBUG,2026-02-06 21:23:46,$GPGGA,052347.00,3642.22817,N,12136.46743,W,2,10,0.84,39.8,M,-30.7,M,,0000*54
DEBUG,2026-02-06 21:23:46,Lat: 36.703802833333334, Lon: -121.6077905, Alt: 39.8 M, Fix: 2
DEBUG,2026-02-06 21:23:46,$GPGSA,A,3,18,16,23,27,08,10,32,24,15,46,,,1.53,0.84,1.28*00
DEBUG,2026-02-06 21:23:46,$GPGSA,A,3,18,16,23,27,08,10,32,24,15,46,,,1.53,0.84,1.28*00
DEBUG,2026-02-06 21:23:46,$GPGSV,3,1,12,08,22,314,33,10,65,294,21,15,14,043,25,16,13,247,22*7D
DEBUG,2026-02-06 21:23:46,$GPGSV,3,1,12,08,22,314,33,10,65,294,21,15,14,043,25,16,13,247,22*7D
DEBUG,2026-02-06 21:23:46,$GPGSV,3,2,12,18,47,094,31,23,57,031,28,24,16,085,23,26,00,220,09*75
DEBUG,2026-02-06 21:23:46,$GPGSV,3,2,12,18,47,094,31,23,57,031,28,24,16,085,23,26,00,220,09*75
DEBUG,2026-02-06 21:23:46,$GPGSV,3,3,12,27,49,292,27,32,37,188,19,46,47,193,32,48,47,186,*79
DEBUG,2026-02-06 21:23:46,$GPGSV,3,3,12,27,49,292,27,32,37,188,19,46,47,193,32,48,47,186,*79
DEBUG,2026-02-06 21:23:46,$GPGLL,3642.22817,N,12136.46743,W,052347.00,A,D*71
DEBUG,2026-02-06 21:23:46,$GPGLL,3642.22817,N,12136.46743,W,052347.00,A,D*71
DEBUG,2026-02-06 21:23:47,$GPRMC,052348.00,A,3642.22817,N,12136.46745,W,0.047,,070226,,,D*63
DEBUG,2026-02-06 21:23:47,$GPRMC,052348.00,A,3642.22817,N,12136.46745,W,0.047,,070226,,,D*63
DEBUG,2026-02-06 21:23:47,$GPVTG,,T,,M,0.047,N,0.088,K,D*25
DEBUG,2026-02-06 21:23:47,$GPVTG,,T,,M,0.047,N,0.088,K,D*25
DEBUG,2026-02-06 21:23:47,$GPGGA,052348.00,3642.22817,N,12136.46745,W,2,10,0.84,40.0,M,-30.7,M,,0000*5B
DEBUG,2026-02-06 21:23:47,$GPGGA,052348.00,3642.22817,N,12136.46745,W,2,10,0.84,40.0,M,-30.7,M,,0000*5B
DEBUG,2026-02-06 21:23:47,Lat: 36.703802833333334, Lon: -121.60779083333334, Alt: 40.0 M, Fix: 2
DEBUG,2026-02-06 21:23:47,$GPGSA,A,3,18,16,23,27,08,10,32,24,15,46,,,1.53,0.84,1.28*00
DEBUG,2026-02-06 21:23:47,$GPGSA,A,3,18,16,23,27,08,10,32,24,15,46,,,1.53,0.84,1.28*00
DEBUG,2026-02-06 21:23:47,$GPGSV,3,1,12,08,22,314,33,10,65,294,21,15,14,043,25,16,13,247,22*7D
DEBUG,2026-02-06 21:23:47,$GPGSV,3,1,12,08,22,314,33,10,65,294,21,15,14,043,25,16,13,247,22*7D
DEBUG,2026-02-06 21:23:47,$GPGSV,3,2,12,18,47,094,31,23,57,031,28,24,16,085,22,26,00,220,09*74
DEBUG,2026-02-06 21:23:47,$GPGSV,3,2,12,18,47,094,31,23,57,031,28,24,16,085,22,26,00,220,09*74
DEBUG,2026-02-06 21:23:47,$GPGSV,3,3,12,27,49,292,27,32,37,188,19,46,47,193,32,48,47,186,*79
DEBUG,2026-02-06 21:23:47,$GPGSV,3,3,12,27,49,292,27,32,37,188,19,46,47,193,32,48,47,186,*79
DEBUG,2026-02-06 21:23:47,$GPGLL,3642.22817,N,12136.46745,W,052348.00,A,D*78
DEBUG,2026-02-06 21:23:47,$GPGLL,3642.22817,N,12136.46745,W,052348.00,A,D*78
DEBUG,2026-02-06 21:23:48,$GPRMC,052349.00,A,3642.22815,N,12136.46750,W,0.028,,070226,,,D*6D
DEBUG,2026-02-06 21:23:48,$GPRMC,052349.00,A,3642.22815,N,12136.46750,W,0.028,,070226,,,D*6D
DEBUG,2026-02-06 21:23:48,$GPVTG,,T,,M,0.028,N,0.052,K,D*2B
DEBUG,2026-02-06 21:23:48,$GPVTG,,T,,M,0.028,N,0.052,K,D*2B
DEBUG,2026-02-06 21:23:48,$GPGGA,052349.00,3642.22815,N,12136.46750,W,2,10,0.84,40.1,M,-30.7,M,,0000*5D
DEBUG,2026-02-06 21:23:48,$GPGGA,052349.00,3642.22815,N,12136.46750,W,2,10,0.84,40.1,M,-30.7,M,,0000*5D
DEBUG,2026-02-06 21:23:48,Lat: 36.7038025, Lon: -121.60779166666667, Alt: 40.1 M, Fix: 2
DEBUG,2026-02-06 21:23:48,$GPGSA,A,3,18,16,23,27,08,10,32,24,15,46,,,1.53,0.84,1.28*00
DEBUG,2026-02-06 21:23:48,$GPGSA,A,3,18,16,23,27,08,10,32,24,15,46,,,1.53,0.84,1.28*00
DEBUG,2026-02-06 21:23:48,$GPGSV,3,1,12,08,22,314,34,10,65,294,21,15,14,043,25,16,13,247,22*7A
DEBUG,2026-02-06 21:23:48,$GPGSV,3,1,12,08,22,314,34,10,65,294,21,15,14,043,25,16,13,247,22*7A
DEBUG,2026-02-06 21:23:48,$GPGSV,3,2,12,18,47,094,32,23,57,031,28,24,16,085,22,26,00,220,08*76
DEBUG,2026-02-06 21:23:48,$GPGSV,3,2,12,18,47,094,32,23,57,031,28,24,16,085,22,26,00,220,08*76
DEBUG,2026-02-06 21:23:48,$GPGSV,3,3,12,27,49,292,27,32,37,188,19,46,47,193,32,48,47,186,*79
DEBUG,2026-02-06 21:23:48,$GPGSV,3,3,12,27,49,292,27,32,37,188,19,46,47,193,32,48,47,186,*79
DEBUG,2026-02-06 21:23:48,$GPGLL,3642.22815,N,12136.46750,W,052349.00,A,D*7F
DEBUG,2026-02-06 21:23:48,$GPGLL,3642.22815,N,12136.46750,W,052349.00,A,D*7F
DEBUG,2026-02-06 21:23:48,Latitude, Longitude: (36.7038025, -121.60779166666667)
DEBUG,2026-02-06 21:23:48,Download, Upload: (643795679.8302488, None)
DEBUG,2026-02-06 21:23:49,$GPRMC,052350.00,A,3642.22814,N,12136.46753,W,0.047,,070226,,,D*6E
DEBUG,2026-02-06 21:23:49,$GPRMC,052350.00,A,3642.22814,N,12136.46753,W,0.047,,070226,,,D*6E
DEBUG,2026-02-06 21:23:49,$GPVTG,,T,,M,0.047,N,0.086,K,D*2B
DEBUG,2026-02-06 21:23:49,$GPVTG,,T,,M,0.047,N,0.086,K,D*2B
DEBUG,2026-02-06 21:23:49,$GPGGA,052350.00,3642.22814,N,12136.46753,W,2,10,0.84,40.1,M,-30.7,M,,0000*57
DEBUG,2026-02-06 21:23:49,$GPGGA,052350.00,3642.22814,N,12136.46753,W,2,10,0.84,40.1,M,-30.7,M,,0000*57
DEBUG,2026-02-06 21:23:49,Lat: 36.703802333333336, Lon: -121.60779216666667, Alt: 40.1 M, Fix: 2
DEBUG,2026-02-06 21:23:49,$GPGSA,A,3,18,16,23,27,08,10,32,24,15,46,,,1.53,0.84,1.28*00
DEBUG,2026-02-06 21:23:49,$GPGSA,A,3,18,16,23,27,08,10,32,24,15,46,,,1.53,0.84,1.28*00
DEBUG,2026-02-06 21:23:49,$GPGSV,3,1,12,08,22,314,34,10,65,295,21,15,14,043,25,16,13,247,21*78
DEBUG,2026-02-06 21:23:49,$GPGSV,3,1,12,08,22,314,34,10,65,295,21,15,14,043,25,16,13,247,21*78
DEBUG,2026-02-06 21:23:49,$GPGSV,3,2,12,18,47,094,32,23,57,031,28,24,16,085,22,26,00,220,08*76
DEBUG,2026-02-06 21:23:49,$GPGSV,3,2,12,18,47,094,32,23,57,031,28,24,16,085,22,26,00,220,08*76
DEBUG,2026-02-06 21:23:49,$GPGSV,3,3,12,27,49,292,27,32,37,188,20,46,47,193,32,48,47,186,*73
DEBUG,2026-02-06 21:23:49,$GPGSV,3,3,12,27,49,292,27,32,37,188,20,46,47,193,32,48,47,186,*73
DEBUG,2026-02-06 21:23:49,$GPGLL,3642.22814,N,12136.46753,W,052350.00,A,D*75
DEBUG,2026-02-06 21:23:49,$GPGLL,3642.22814,N,12136.46753,W,052350.00,A,D*75
DEBUG,2026-02-06 21:23:50,$GPRMC,052351.00,A,3642.22812,N,12136.46750,W,0.039,,070226,,,D*63
DEBUG,2026-02-06 21:23:50,$GPRMC,052351.00,A,3642.22812,N,12136.46750,W,0.039,,070226,,,D*63
DEBUG,2026-02-06 21:23:50,$GPVTG,,T,,M,0.039,N,0.073,K,D*28
DEBUG,2026-02-06 21:23:50,$GPVTG,,T,,M,0.039,N,0.073,K,D*28
DEBUG,2026-02-06 21:23:50,$GPGGA,052351.00,3642.22812,N,12136.46750,W,2,10,0.84,40.2,M,-30.7,M,,0000*50
DEBUG,2026-02-06 21:23:50,$GPGGA,052351.00,3642.22812,N,12136.46750,W,2,10,0.84,40.2,M,-30.7,M,,0000*50
DEBUG,2026-02-06 21:23:50,Lat: 36.703802, Lon: -121.60779166666667, Alt: 40.2 M, Fix: 2
DEBUG,2026-02-06 21:23:50,$GPGSA,A,3,18,16,23,27,08,10,32,24,15,46,,,1.53,0.84,1.28*00
DEBUG,2026-02-06 21:23:50,$GPGSA,A,3,18,16,23,27,08,10,32,24,15,46,,,1.53,0.84,1.28*00
DEBUG,2026-02-06 21:23:50,$GPGSV,3,1,12,08,22,314,34,10,65,295,21,15,14,043,25,16,13,247,21*78
DEBUG,2026-02-06 21:23:50,$GPGSV,3,1,12,08,22,314,34,10,65,295,21,15,14,043,25,16,13,247,21*78
DEBUG,2026-02-06 21:23:50,$GPGSV,3,2,12,18,47,094,31,23,57,031,28,24,16,085,22,26,00,220,08*75
DEBUG,2026-02-06 21:23:50,$GPGSV,3,2,12,18,47,094,31,23,57,031,28,24,16,085,22,26,00,220,08*75
DEBUG,2026-02-06 21:23:50,$GPGSV,3,3,12,27,49,292,27,32,37,188,20,46,47,193,32,48,47,186,*73
DEBUG,2026-02-06 21:23:50,$GPGSV,3,3,12,27,49,292,27,32,37,188,20,46,47,193,32,48,47,186,*73
DEBUG,2026-02-06 21:23:50,$GPGLL,3642.22812,N,12136.46750,W,052351.00,A,D*71
DEBUG,2026-02-06 21:23:50,$GPGLL,3642.22812,N,12136.46750,W,052351.00,A,D*71
DEBUG,2026-02-06 21:23:51,$GPRMC,052352.00,A,3642.22814,N,12136.46752,W,0.083,,070226,,,D*65
DEBUG,2026-02-06 21:23:51,$GPRMC,052352.00,A,3642.22814,N,12136.46752,W,0.083,,070226,,,D*65
DEBUG,2026-02-06 21:23:51,$GPVTG,,T,,M,0.083,N,0.154,K,D*2D
DEBUG,2026-02-06 21:23:51,$GPVTG,,T,,M,0.083,N,0.154,K,D*2D
DEBUG,2026-02-06 21:23:51,$GPGGA,052352.00,3642.22814,N,12136.46752,W,2,10,0.84,40.3,M,-30.7,M,,0000*56
DEBUG,2026-02-06 21:23:51,$GPGGA,052352.00,3642.22814,N,12136.46752,W,2,10,0.84,40.3,M,-30.7,M,,0000*56
DEBUG,2026-02-06 21:23:51,Lat: 36.703802333333336, Lon: -121.607792, Alt: 40.3 M, Fix: 2
DEBUG,2026-02-06 21:23:51,$GPGSA,A,3,18,16,23,27,08,10,32,24,15,46,,,1.53,0.84,1.28*00
DEBUG,2026-02-06 21:23:51,$GPGSA,A,3,18,16,23,27,08,10,32,24,15,46,,,1.53,0.84,1.28*00
DEBUG,2026-02-06 21:23:51,$GPGSV,3,1,12,08,22,314,34,10,65,295,20,15,14,043,25,16,13,247,21*79
DEBUG,2026-02-06 21:23:51,$GPGSV,3,1,12,08,22,314,34,10,65,295,20,15,14,043,25,16,13,247,21*79
DEBUG,2026-02-06 21:23:51,$GPGSV,3,2,12,18,47,094,31,23,57,031,28,24,16,085,22,26,00,220,08*75
DEBUG,2026-02-06 21:23:51,$GPGSV,3,2,12,18,47,094,31,23,57,031,28,24,16,085,22,26,00,220,08*75
DEBUG,2026-02-06 21:23:51,$GPGSV,3,3,12,27,49,292,27,32,37,188,20,46,47,193,32,48,47,186,*73
DEBUG,2026-02-06 21:23:51,$GPGSV,3,3,12,27,49,292,27,32,37,188,20,46,47,193,32,48,47,186,*73
DEBUG,2026-02-06 21:23:51,$GPGLL,3642.22814,N,12136.46752,W,052352.00,A,D*76
DEBUG,2026-02-06 21:23:51,$GPGLL,3642.22814,N,12136.46752,W,052352.00,A,D*76
DEBUG,2026-02-06 21:23:52,$GPRMC,052353.00,A,3642.22817,N,12136.46757,W,0.094,,070226,,,D*64
DEBUG,2026-02-06 21:23:52,$GPRMC,052353.00,A,3642.22817,N,12136.46757,W,0.094,,070226,,,D*64
DEBUG,2026-02-06 21:23:52,$GPVTG,,T,,M,0.094,N,0.174,K,D*29
DEBUG,2026-02-06 21:23:52,$GPVTG,,T,,M,0.094,N,0.174,K,D*29
DEBUG,2026-02-06 21:23:52,$GPGGA,052353.00,3642.22817,N,12136.46757,W,2,10,0.84,40.7,M,-30.7,M,,0000*55
DEBUG,2026-02-06 21:23:52,$GPGGA,052353.00,3642.22817,N,12136.46757,W,2,10,0.84,40.7,M,-30.7,M,,0000*55
DEBUG,2026-02-06 21:23:52,Lat: 36.703802833333334, Lon: -121.60779283333333, Alt: 40.7 M, Fix: 2
DEBUG,2026-02-06 21:23:52,$GPGSA,A,3,18,16,23,27,08,10,32,24,15,46,,,1.53,0.84,1.28*00
DEBUG,2026-02-06 21:23:52,$GPGSA,A,3,18,16,23,27,08,10,32,24,15,46,,,1.53,0.84,1.28*00
DEBUG,2026-02-06 21:23:52,$GPGSV,3,1,12,08,22,314,34,10,65,295,20,15,14,043,25,16,13,247,22*7A
DEBUG,2026-02-06 21:23:52,$GPGSV,3,1,12,08,22,314,34,10,65,295,20,15,14,043,25,16,13,247,22*7A
DEBUG,2026-02-06 21:23:52,$GPGSV,3,2,12,18,47,094,32,23,57,031,28,24,16,085,22,26,00,220,08*76
DEBUG,2026-02-06 21:23:52,$GPGSV,3,2,12,18,47,094,32,23,57,031,28,24,16,085,22,26,00,220,08*76
DEBUG,2026-02-06 21:23:52,$GPGSV,3,3,12,27,49,292,27,32,37,188,20,46,47,193,32,48,47,186,*73
DEBUG,2026-02-06 21:23:52,$GPGSV,3,3,12,27,49,292,27,32,37,188,20,46,47,193,32,48,47,186,*73
DEBUG,2026-02-06 21:23:52,$GPGLL,3642.22817,N,12136.46757,W,052353.00,A,D*71
DEBUG,2026-02-06 21:23:52,$GPGLL,3642.22817,N,12136.46757,W,052353.00,A,D*71
DEBUG,2026-02-06 21:23:53,$GPRMC,052354.00,A,3642.22816,N,12136.46755,W,0.069,,070226,,,D*62
DEBUG,2026-02-06 21:23:53,$GPRMC,052354.00,A,3642.22816,N,12136.46755,W,0.069,,070226,,,D*62
DEBUG,2026-02-06 21:23:53,$GPVTG,,T,,M,0.069,N,0.128,K,D*22
DEBUG,2026-02-06 21:23:53,$GPVTG,,T,,M,0.069,N,0.128,K,D*22
DEBUG,2026-02-06 21:23:53,$GPGGA,052354.00,3642.22816,N,12136.46755,W,2,10,0.84,40.6,M,-30.7,M,,0000*50
DEBUG,2026-02-06 21:23:53,$GPGGA,052354.00,3642.22816,N,12136.46755,W,2,10,0.84,40.6,M,-30.7,M,,0000*50
DEBUG,2026-02-06 21:23:53,Lat: 36.70380266666667, Lon: -121.6077925, Alt: 40.6 M, Fix: 2
DEBUG,2026-02-06 21:23:53,$GPGSA,A,3,18,16,23,27,08,10,32,24,15,46,,,1.53,0.84,1.28*00
DEBUG,2026-02-06 21:23:53,$GPGSA,A,3,18,16,23,27,08,10,32,24,15,46,,,1.53,0.84,1.28*00
DEBUG,2026-02-06 21:23:53,$GPGSV,3,1,12,08,22,314,34,10,65,295,21,15,14,043,25,16,13,247,22*7B
DEBUG,2026-02-06 21:23:53,$GPGSV,3,1,12,08,22,314,34,10,65,295,21,15,14,043,25,16,13,247,22*7B
DEBUG,2026-02-06 21:23:53,$GPGSV,3,2,12,18,47,094,32,23,57,031,28,24,16,085,22,26,00,220,08*76
DEBUG,2026-02-06 21:23:53,$GPGSV,3,2,12,18,47,094,32,23,57,031,28,24,16,085,22,26,00,220,08*76
DEBUG,2026-02-06 21:23:53,$GPGSV,3,3,12,27,49,292,28,32,37,188,21,46,47,193,32,48,47,186,*7D
DEBUG,2026-02-06 21:23:53,$GPGSV,3,3,12,27,49,292,28,32,37,188,21,46,47,193,32,48,47,186,*7D
DEBUG,2026-02-06 21:23:53,$GPGLL,3642.22816,N,12136.46755,W,052354.00,A,D*75
DEBUG,2026-02-06 21:23:53,$GPGLL,3642.22816,N,12136.46755,W,052354.00,A,D*75
DEBUG,2026-02-06 21:23:53,Latitude, Longitude: (36.70380266666667, -121.6077925)
DEBUG,2026-02-06 21:23:53,Download, Upload: (643795679.8302488, 25126894.142176148)
DEBUG,2026-02-06 21:23:54,$GPRMC,052355.00,A,3642.22816,N,12136.46758,W,0.044,,070226,,,D*61
DEBUG,2026-02-06 21:23:54,$GPRMC,052355.00,A,3642.22816,N,12136.46758,W,0.044,,070226,,,D*61
DEBUG,2026-02-06 21:23:54,$GPVTG,,T,,M,0.044,N,0.081,K,D*2F
DEBUG,2026-02-06 21:23:54,$GPVTG,,T,,M,0.044,N,0.081,K,D*2F
DEBUG,2026-02-06 21:23:54,$GPGGA,052355.00,3642.22816,N,12136.46758,W,2,10,0.84,40.8,M,-30.7,M,,0000*52
DEBUG,2026-02-06 21:23:54,$GPGGA,052355.00,3642.22816,N,12136.46758,W,2,10,0.84,40.8,M,-30.7,M,,0000*52
DEBUG,2026-02-06 21:23:54,Lat: 36.70380266666667, Lon: -121.607793, Alt: 40.8 M, Fix: 2
DEBUG,2026-02-06 21:23:54,$GPGSA,A,3,18,16,23,27,08,10,32,24,15,46,,,1.53,0.84,1.28*00
DEBUG,2026-02-06 21:23:54,$GPGSA,A,3,18,16,23,27,08,10,32,24,15,46,,,1.53,0.84,1.28*00
DEBUG,2026-02-06 21:23:54,$GPGSV,3,1,12,08,22,314,34,10,65,295,21,15,14,042,26,16,13,247,22*79
DEBUG,2026-02-06 21:23:54,$GPGSV,3,1,12,08,22,314,34,10,65,295,21,15,14,042,26,16,13,247,22*79
DEBUG,2026-02-06 21:23:54,$GPGSV,3,2,12,18,47,094,32,23,57,031,28,24,16,085,22,26,00,220,*7E
DEBUG,2026-02-06 21:23:54,$GPGSV,3,2,12,18,47,094,32,23,57,031,28,24,16,085,22,26,00,220,*7E
DEBUG,2026-02-06 21:23:54,$GPGSV,3,3,12,27,49,292,28,32,37,188,21,46,47,193,32,48,47,186,*7D
DEBUG,2026-02-06 21:23:54,$GPGSV,3,3,12,27,49,292,28,32,37,188,21,46,47,193,32,48,47,186,*7D
DEBUG,2026-02-06 21:23:54,$GPGLL,3642.22816,N,12136.46758,W,052355.00,A,D*79
DEBUG,2026-02-06 21:23:54,$GPGLL,3642.22816,N,12136.46758,W,052355.00,A,D*79
DEBUG,2026-02-06 21:23:55,$GPRMC,052356.00,A,3642.22817,N,12136.46765,W,0.120,,070226,,,D*6E
DEBUG,2026-02-06 21:23:55,$GPRMC,052356.00,A,3642.22817,N,12136.46765,W,0.120,,070226,,,D*6E
DEBUG,2026-02-06 21:23:55,$GPVTG,,T,,M,0.120,N,0.222,K,D*27
DEBUG,2026-02-06 21:23:55,$GPVTG,,T,,M,0.120,N,0.222,K,D*27
DEBUG,2026-02-06 21:23:55,$GPGGA,052356.00,3642.22817,N,12136.46765,W,2,10,0.84,41.1,M,-30.7,M,,0000*56
DEBUG,2026-02-06 21:23:55,$GPGGA,052356.00,3642.22817,N,12136.46765,W,2,10,0.84,41.1,M,-30.7,M,,0000*56
DEBUG,2026-02-06 21:23:55,Lat: 36.703802833333334, Lon: -121.60779416666666, Alt: 41.1 M, Fix: 2
DEBUG,2026-02-06 21:23:55,$GPGSA,A,3,18,16,23,27,08,10,32,24,15,46,,,1.53,0.84,1.28*00
DEBUG,2026-02-06 21:23:55,$GPGSA,A,3,18,16,23,27,08,10,32,24,15,46,,,1.53,0.84,1.28*00
DEBUG,2026-02-06 21:23:55,$GPGSV,3,1,12,08,22,314,34,10,65,295,21,15,14,042,25,16,13,247,22*7A
DEBUG,2026-02-06 21:23:55,$GPGSV,3,1,12,08,22,314,34,10,65,295,21,15,14,042,25,16,13,247,22*7A
DEBUG,2026-02-06 21:23:55,$GPGSV,3,2,12,18,47,094,31,23,57,031,28,24,16,085,21,26,00,220,*7E
DEBUG,2026-02-06 21:23:55,$GPGSV,3,2,12,18,47,094,31,23,57,031,28,24,16,085,21,26,00,220,*7E
DEBUG,2026-02-06 21:23:55,$GPGSV,3,3,12,27,49,292,27,32,37,188,20,46,47,193,32,48,47,186,*73
DEBUG,2026-02-06 21:23:55,$GPGSV,3,3,12,27,49,292,27,32,37,188,20,46,47,193,32,48,47,186,*73
DEBUG,2026-02-06 21:23:55,$GPGLL,3642.22817,N,12136.46765,W,052356.00,A,D*75
DEBUG,2026-02-06 21:23:55,$GPGLL,3642.22817,N,12136.46765,W,052356.00,A,D*75
DEBUG,2026-02-06 21:23:56,$GPRMC,052357.00,A,3642.22817,N,12136.46768,W,0.064,,070226,,,D*63
DEBUG,2026-02-06 21:23:56,$GPRMC,052357.00,A,3642.22817,N,12136.46768,W,0.064,,070226,,,D*63
DEBUG,2026-02-06 21:23:56,$GPVTG,,T,,M,0.064,N,0.118,K,D*2C
DEBUG,2026-02-06 21:23:56,$GPVTG,,T,,M,0.064,N,0.118,K,D*2C
DEBUG,2026-02-06 21:23:56,$GPGGA,052357.00,3642.22817,N,12136.46768,W,2,10,0.84,41.2,M,-30.7,M,,0000*59
DEBUG,2026-02-06 21:23:56,$GPGGA,052357.00,3642.22817,N,12136.46768,W,2,10,0.84,41.2,M,-30.7,M,,0000*59
DEBUG,2026-02-06 21:23:56,Lat: 36.703802833333334, Lon: -121.60779466666666, Alt: 41.2 M, Fix: 2
DEBUG,2026-02-06 21:23:56,$GPGSA,A,3,18,16,23,27,08,10,32,24,15,46,,,1.53,0.84,1.28*00
DEBUG,2026-02-06 21:23:56,$GPGSA,A,3,18,16,23,27,08,10,32,24,15,46,,,1.53,0.84,1.28*00
DEBUG,2026-02-06 21:23:56,$GPGSV,3,1,12,08,22,314,34,10,65,295,20,15,14,042,25,16,13,247,22*7B
DEBUG,2026-02-06 21:23:56,$GPGSV,3,1,12,08,22,314,34,10,65,295,20,15,14,042,25,16,13,247,22*7B
DEBUG,2026-02-06 21:23:56,$GPGSV,3,2,12,18,47,094,32,23,57,031,29,24,16,085,22,26,00,220,*7F
DEBUG,2026-02-06 21:23:56,$GPGSV,3,2,12,18,47,094,32,23,57,031,29,24,16,085,22,26,00,220,*7F
DEBUG,2026-02-06 21:23:56,$GPGSV,3,3,12,27,49,292,28,32,37,188,21,46,47,193,32,48,47,186,*7D
DEBUG,2026-02-06 21:23:56,$GPGSV,3,3,12,27,49,292,28,32,37,188,21,46,47,193,32,48,47,186,*7D
DEBUG,2026-02-06 21:23:56,$GPGLL,3642.22817,N,12136.46768,W,052357.00,A,D*79
DEBUG,2026-02-06 21:23:56,$GPGLL,3642.22817,N,12136.46768,W,052357.00,A,D*79
DEBUG,2026-02-06 21:23:57,$GPRMC,052358.00,A,3642.22811,N,12136.46770,W,0.102,,070226,,,D*62
DEBUG,2026-02-06 21:23:57,$GPRMC,052358.00,A,3642.22811,N,12136.46770,W,0.102,,070226,,,D*62
DEBUG,2026-02-06 21:23:57,$GPVTG,,T,,M,0.102,N,0.189,K,D*25
DEBUG,2026-02-06 21:23:57,$GPVTG,,T,,M,0.102,N,0.189,K,D*25
DEBUG,2026-02-06 21:23:57,$GPGGA,052358.00,3642.22811,N,12136.46770,W,2,10,0.84,41.0,M,-30.7,M,,0000*5B
DEBUG,2026-02-06 21:23:57,$GPGGA,052358.00,3642.22811,N,12136.46770,W,2,10,0.84,41.0,M,-30.7,M,,0000*5B
DEBUG,2026-02-06 21:23:57,Lat: 36.70380183333333, Lon: -121.607795, Alt: 41.0 M, Fix: 2
DEBUG,2026-02-06 21:23:57,$GPGSA,A,3,18,16,23,27,08,10,32,24,15,46,,,1.53,0.84,1.28*00
DEBUG,2026-02-06 21:23:57,$GPGSA,A,3,18,16,23,27,08,10,32,24,15,46,,,1.53,0.84,1.28*00
DEBUG,2026-02-06 21:23:57,$GPGSV,3,1,12,08,22,314,35,10,65,295,21,15,14,042,25,16,13,247,22*7B
DEBUG,2026-02-06 21:23:57,$GPGSV,3,1,12,08,22,314,35,10,65,295,21,15,14,042,25,16,13,247,22*7B
DEBUG,2026-02-06 21:23:57,$GPGSV,3,2,12,18,47,094,32,23,57,031,29,24,16,085,22,26,00,220,*7F
DEBUG,2026-02-06 21:23:57,$GPGSV,3,2,12,18,47,094,32,23,57,031,29,24,16,085,22,26,00,220,*7F
DEBUG,2026-02-06 21:23:57,$GPGSV,3,3,12,27,49,292,28,32,37,188,21,46,47,193,32,48,47,186,*7D
DEBUG,2026-02-06 21:23:57,$GPGSV,3,3,12,27,49,292,28,32,37,188,21,46,47,193,32,48,47,186,*7D
DEBUG,2026-02-06 21:23:57,$GPGLL,3642.22811,N,12136.46770,W,052358.00,A,D*79
DEBUG,2026-02-06 21:23:57,$GPGLL,3642.22811,N,12136.46770,W,052358.00,A,D*79
DEBUG,2026-02-06 21:23:58,$GPRMC,052359.00,A,3642.22808,N,12136.46774,W,0.075,,070226,,,D*6E
DEBUG,2026-02-06 21:23:58,$GPRMC,052359.00,A,3642.22808,N,12136.46774,W,0.075,,070226,,,D*6E
DEBUG,2026-02-06 21:23:58,$GPVTG,,T,,M,0.075,N,0.139,K,D*2F
DEBUG,2026-02-06 21:23:58,$GPVTG,,T,,M,0.075,N,0.139,K,D*2F
DEBUG,2026-02-06 21:23:58,$GPGGA,052359.00,3642.22808,N,12136.46774,W,2,10,0.84,41.0,M,-30.7,M,,0000*56
DEBUG,2026-02-06 21:23:58,$GPGGA,052359.00,3642.22808,N,12136.46774,W,2,10,0.84,41.0,M,-30.7,M,,0000*56
DEBUG,2026-02-06 21:23:58,Lat: 36.70380133333333, Lon: -121.60779566666666, Alt: 41.0 M, Fix: 2
DEBUG,2026-02-06 21:23:58,$GPGSA,A,3,18,16,23,27,08,10,32,24,15,46,,,1.53,0.84,1.28*00
DEBUG,2026-02-06 21:23:58,$GPGSA,A,3,18,16,23,27,08,10,32,24,15,46,,,1.53,0.84,1.28*00
DEBUG,2026-02-06 21:23:58,$GPGSV,3,1,12,08,22,314,35,10,65,295,20,15,14,042,25,16,13,247,22*7A
DEBUG,2026-02-06 21:23:58,$GPGSV,3,1,12,08,22,314,35,10,65,295,20,15,14,042,25,16,13,247,22*7A
DEBUG,2026-02-06 21:23:58,$GPGSV,3,2,12,18,47,094,32,23,57,031,29,24,16,085,22,26,00,220,*7F
DEBUG,2026-02-06 21:23:58,$GPGSV,3,2,12,18,47,094,32,23,57,031,29,24,16,085,22,26,00,220,*7F
DEBUG,2026-02-06 21:23:58,$GPGSV,3,3,12,27,49,292,28,32,37,188,21,46,47,193,32,48,47,186,*7D
DEBUG,2026-02-06 21:23:58,$GPGSV,3,3,12,27,49,292,28,32,37,188,21,46,47,193,32,48,47,186,*7D
DEBUG,2026-02-06 21:23:58,$GPGLL,3642.22808,N,12136.46774,W,052359.00,A,D*74
DEBUG,2026-02-06 21:23:58,$GPGLL,3642.22808,N,12136.46774,W,052359.00,A,D*74
DEBUG,2026-02-06 21:23:58,Latitude, Longitude: (36.70380133333333, -121.60779566666666)
DEBUG,2026-02-06 21:23:58,Download, Upload: (512966528.5716581, 25126894.142176148)
DEBUG,2026-02-06 21:23:59,$GPRMC,052400.00,A,3642.22807,N,12136.46780,W,0.027,,070226,,,D*66
DEBUG,2026-02-06 21:23:59,$GPRMC,052400.00,A,3642.22807,N,12136.46780,W,0.027,,070226,,,D*66
DEBUG,2026-02-06 21:23:59,$GPVTG,,T,,M,0.027,N,0.050,K,D*26
DEBUG,2026-02-06 21:23:59,$GPVTG,,T,,M,0.027,N,0.050,K,D*26
DEBUG,2026-02-06 21:23:59,$GPGGA,052400.00,3642.22807,N,12136.46780,W,2,10,0.84,41.0,M,-30.7,M,,0000*59
DEBUG,2026-02-06 21:23:59,$GPGGA,052400.00,3642.22807,N,12136.46780,W,2,10,0.84,41.0,M,-30.7,M,,0000*59
DEBUG,2026-02-06 21:23:59,Lat: 36.703801166666665, Lon: -121.60779666666667, Alt: 41.0 M, Fix: 2
DEBUG,2026-02-06 21:23:59,$GPGSA,A,3,18,16,23,27,08,10,32,24,15,46,,,1.53,0.84,1.28*00
DEBUG,2026-02-06 21:23:59,$GPGSA,A,3,18,16,23,27,08,10,32,24,15,46,,,1.53,0.84,1.28*00
DEBUG,2026-02-06 21:23:59,$GPGSV,3,1,12,08,22,314,34,10,65,295,20,15,14,042,25,16,13,247,22*7B
DEBUG,2026-02-06 21:23:59,$GPGSV,3,1,12,08,22,314,34,10,65,295,20,15,14,042,25,16,13,247,22*7B
DEBUG,2026-02-06 21:23:59,$GPGSV,3,2,12,18,47,094,31,23,57,031,29,24,16,085,22,26,00,220,*7C
DEBUG,2026-02-06 21:23:59,$GPGSV,3,2,12,18,47,094,31,23,57,031,29,24,16,085,22,26,00,220,*7C
DEBUG,2026-02-06 21:23:59,$GPGSV,3,3,12,27,49,292,28,32,37,188,21,46,47,193,32,48,47,186,*7D
DEBUG,2026-02-06 21:23:59,$GPGSV,3,3,12,27,49,292,28,32,37,188,21,46,47,193,32,48,47,186,*7D
DEBUG,2026-02-06 21:23:59,$GPGLL,3642.22807,N,12136.46780,W,052400.00,A,D*7B
DEBUG,2026-02-06 21:23:59,$GPGLL,3642.22807,N,12136.46780,W,052400.00,A,D*7B
DEBUG,2026-02-06 21:24:00,$GPRMC,052401.00,A,3642.22809,N,12136.46783,W,0.023,,070226,,,D*6E
DEBUG,2026-02-06 21:24:00,$GPRMC,052401.00,A,3642.22809,N,12136.46783,W,0.023,,070226,,,D*6E
DEBUG,2026-02-06 21:24:00,$GPVTG,,T,,M,0.023,N,0.043,K,D*20
DEBUG,2026-02-06 21:24:00,$GPVTG,,T,,M,0.023,N,0.043,K,D*20
DEBUG,2026-02-06 21:24:00,$GPGGA,052401.00,3642.22809,N,12136.46783,W,2,10,0.84,41.1,M,-30.7,M,,0000*54
DEBUG,2026-02-06 21:24:00,$GPGGA,052401.00,3642.22809,N,12136.46783,W,2,10,0.84,41.1,M,-30.7,M,,0000*54
DEBUG,2026-02-06 21:24:00,Lat: 36.7038015, Lon: -121.60779716666667, Alt: 41.1 M, Fix: 2
DEBUG,2026-02-06 21:24:00,$GPGSA,A,3,18,16,23,27,08,10,32,24,15,46,,,1.53,0.84,1.28*00
DEBUG,2026-02-06 21:24:00,$GPGSA,A,3,18,16,23,27,08,10,32,24,15,46,,,1.53,0.84,1.28*00
DEBUG,2026-02-06 21:24:00,$GPGSV,3,1,12,08,22,314,34,10,65,295,20,15,14,042,25,16,13,247,23*7A
DEBUG,2026-02-06 21:24:00,$GPGSV,3,1,12,08,22,314,34,10,65,295,20,15,14,042,25,16,13,247,23*7A
DEBUG,2026-02-06 21:24:00,$GPGSV,3,2,12,18,47,094,31,23,57,031,29,24,16,085,21,26,00,220,*7F
DEBUG,2026-02-06 21:24:00,$GPGSV,3,2,12,18,47,094,31,23,57,031,29,24,16,085,21,26,00,220,*7F
DEBUG,2026-02-06 21:24:00,$GPGSV,3,3,12,27,49,292,27,32,37,188,21,46,47,193,32,48,47,186,*72
DEBUG,2026-02-06 21:24:00,$GPGSV,3,3,12,27,49,292,27,32,37,188,21,46,47,193,32,48,47,186,*72
DEBUG,2026-02-06 21:24:00,$GPGLL,3642.22809,N,12136.46783,W,052401.00,A,D*77
DEBUG,2026-02-06 21:24:00,$GPGLL,3642.22809,N,12136.46783,W,052401.00,A,D*77
DEBUG,2026-02-06 21:24:01,$GPRMC,052402.00,A,3642.22811,N,12136.46786,W,0.070,,070226,,,D*67
DEBUG,2026-02-06 21:24:01,$GPRMC,052402.00,A,3642.22811,N,12136.46786,W,0.070,,070226,,,D*67
DEBUG,2026-02-06 21:24:01,$GPVTG,,T,,M,0.070,N,0.130,K,D*23
DEBUG,2026-02-06 21:24:01,$GPVTG,,T,,M,0.070,N,0.130,K,D*23
DEBUG,2026-02-06 21:24:01,$GPGGA,052402.00,3642.22811,N,12136.46786,W,2,10,0.84,41.3,M,-30.7,M,,0000*59
DEBUG,2026-02-06 21:24:01,$GPGGA,052402.00,3642.22811,N,12136.46786,W,2,10,0.84,41.3,M,-30.7,M,,0000*59
DEBUG,2026-02-06 21:24:01,Lat: 36.70380183333333, Lon: -121.60779766666667, Alt: 41.3 M, Fix: 2
DEBUG,2026-02-06 21:24:01,$GPGSA,A,3,18,16,23,27,08,10,32,24,15,46,,,1.53,0.84,1.28*00
DEBUG,2026-02-06 21:24:01,$GPGSA,A,3,18,16,23,27,08,10,32,24,15,46,,,1.53,0.84,1.28*00
DEBUG,2026-02-06 21:24:01,$GPGSV,3,1,12,08,22,314,34,10,65,295,20,15,14,042,25,16,13,247,23*7A
DEBUG,2026-02-06 21:24:01,$GPGSV,3,1,12,08,22,314,34,10,65,295,20,15,14,042,25,16,13,247,23*7A
DEBUG,2026-02-06 21:24:01,$GPGSV,3,2,12,18,47,094,31,23,57,031,30,24,16,085,20,26,00,220,*76
DEBUG,2026-02-06 21:24:01,$GPGSV,3,2,12,18,47,094,31,23,57,031,30,24,16,085,20,26,00,220,*76
DEBUG,2026-02-06 21:24:01,$GPGSV,3,3,12,27,49,292,27,32,37,188,21,46,47,193,32,48,47,186,*72
DEBUG,2026-02-06 21:24:01,$GPGSV,3,3,12,27,49,292,27,32,37,188,21,46,47,193,32,48,47,186,*72
DEBUG,2026-02-06 21:24:01,$GPGLL,3642.22811,N,12136.46786,W,052402.00,A,D*78
DEBUG,2026-02-06 21:24:01,$GPGLL,3642.22811,N,12136.46786,W,052402.00,A,D*78
DEBUG,2026-02-06 21:24:02,$GPRMC,052403.00,A,3642.22814,N,12136.46788,W,0.032,,070226,,,D*6B
DEBUG,2026-02-06 21:24:02,$GPRMC,052403.00,A,3642.22814,N,12136.46788,W,0.032,,070226,,,D*6B
DEBUG,2026-02-06 21:24:02,$GPVTG,,T,,M,0.032,N,0.060,K,D*21
DEBUG,2026-02-06 21:24:02,$GPVTG,,T,,M,0.032,N,0.060,K,D*21
DEBUG,2026-02-06 21:24:02,$GPGGA,052403.00,3642.22814,N,12136.46788,W,2,10,0.84,41.4,M,-30.7,M,,0000*54
DEBUG,2026-02-06 21:24:02,$GPGGA,052403.00,3642.22814,N,12136.46788,W,2,10,0.84,41.4,M,-30.7,M,,0000*54
DEBUG,2026-02-06 21:24:02,Lat: 36.703802333333336, Lon: -121.607798, Alt: 41.4 M, Fix: 2
DEBUG,2026-02-06 21:24:02,$GPGSA,A,3,18,16,23,27,08,10,32,24,15,46,,,1.53,0.84,1.28*00
DEBUG,2026-02-06 21:24:02,$GPGSA,A,3,18,16,23,27,08,10,32,24,15,46,,,1.53,0.84,1.28*00
DEBUG,2026-02-06 21:24:02,$GPGSV,3,1,12,08,22,314,34,10,65,295,21,15,14,042,25,16,13,247,23*7B
DEBUG,2026-02-06 21:24:02,$GPGSV,3,1,12,08,22,314,34,10,65,295,21,15,14,042,25,16,13,247,23*7B
DEBUG,2026-02-06 21:24:02,$GPGSV,3,2,12,18,47,094,32,23,57,032,30,24,16,085,20,26,00,220,*76
DEBUG,2026-02-06 21:24:02,$GPGSV,3,2,12,18,47,094,32,23,57,032,30,24,16,085,20,26,00,220,*76
DEBUG,2026-02-06 21:24:02,$GPGSV,3,3,12,27,49,292,28,32,37,188,21,46,47,193,32,48,47,186,*7D
DEBUG,2026-02-06 21:24:02,$GPGSV,3,3,12,27,49,292,28,32,37,188,21,46,47,193,32,48,47,186,*7D
DEBUG,2026-02-06 21:24:02,$GPGLL,3642.22814,N,12136.46788,W,052403.00,A,D*72
DEBUG,2026-02-06 21:24:02,$GPGLL,3642.22814,N,12136.46788,W,052403.00,A,D*72
DEBUG,2026-02-06 21:24:03,$GPRMC,052404.00,A,3642.22818,N,12136.46789,W,0.006,,070226,,,D*66
DEBUG,2026-02-06 21:24:03,$GPRMC,052404.00,A,3642.22818,N,12136.46789,W,0.006,,070226,,,D*66
DEBUG,2026-02-06 21:24:03,$GPVTG,,T,,M,0.006,N,0.011,K,D*20
DEBUG,2026-02-06 21:24:03,$GPVTG,,T,,M,0.006,N,0.011,K,D*20
DEBUG,2026-02-06 21:24:03,$GPGGA,052404.00,3642.22818,N,12136.46789,W,2,10,0.84,41.6,M,-30.7,M,,0000*5C
DEBUG,2026-02-06 21:24:03,$GPGGA,052404.00,3642.22818,N,12136.46789,W,2,10,0.84,41.6,M,-30.7,M,,0000*5C
DEBUG,2026-02-06 21:24:03,Lat: 36.703803, Lon: -121.60779816666667, Alt: 41.6 M, Fix: 2
DEBUG,2026-02-06 21:24:03,$GPGSA,A,3,18,16,23,27,08,10,32,24,15,46,,,1.53,0.84,1.28*00
DEBUG,2026-02-06 21:24:03,$GPGSA,A,3,18,16,23,27,08,10,32,24,15,46,,,1.53,0.84,1.28*00
DEBUG,2026-02-06 21:24:03,$GPGSV,3,1,12,08,22,314,34,10,65,295,20,15,14,042,24,16,13,247,22*7A
DEBUG,2026-02-06 21:24:03,$GPGSV,3,1,12,08,22,314,34,10,65,295,20,15,14,042,24,16,13,247,22*7A
DEBUG,2026-02-06 21:24:03,$GPGSV,3,2,12,18,47,094,32,23,57,032,30,24,16,085,20,26,00,220,*76
DEBUG,2026-02-06 21:24:03,$GPGSV,3,2,12,18,47,094,32,23,57,032,30,24,16,085,20,26,00,220,*76
DEBUG,2026-02-06 21:24:03,$GPGSV,3,3,12,27,49,292,28,32,37,188,21,46,47,193,32,48,47,186,*7D
DEBUG,2026-02-06 21:24:03,$GPGSV,3,3,12,27,49,292,28,32,37,188,21,46,47,193,32,48,47,186,*7D
DEBUG,2026-02-06 21:24:03,$GPGLL,3642.22818,N,12136.46789,W,052404.00,A,D*78
DEBUG,2026-02-06 21:24:03,$GPGLL,3642.22818,N,12136.46789,W,052404.00,A,D*78
DEBUG,2026-02-06 21:24:03,Latitude, Longitude: (36.703803, -121.60779816666667)
DEBUG,2026-02-06 21:24:03,Download, Upload: (481822341.29635924, 158396184.50559604)
DEBUG,2026-02-06 21:24:04,$GPRMC,052405.00,A,3642.22817,N,12136.46787,W,0.091,,070226,,,D*68
DEBUG,2026-02-06 21:24:04,$GPRMC,052405.00,A,3642.22817,N,12136.46787,W,0.091,,070226,,,D*68
DEBUG,2026-02-06 21:24:04,$GPVTG,,T,,M,0.091,N,0.168,K,D*21
DEBUG,2026-02-06 21:24:04,$GPVTG,,T,,M,0.091,N,0.168,K,D*21
DEBUG,2026-02-06 21:24:04,$GPGGA,052405.00,3642.22817,N,12136.46787,W,2,10,0.84,41.5,M,-30.7,M,,0000*5F
DEBUG,2026-02-06 21:24:04,$GPGGA,052405.00,3642.22817,N,12136.46787,W,2,10,0.84,41.5,M,-30.7,M,,0000*5F
DEBUG,2026-02-06 21:24:04,Lat: 36.703802833333334, Lon: -121.60779783333334, Alt: 41.5 M, Fix: 2
DEBUG,2026-02-06 21:24:04,$GPGSA,A,3,18,16,23,27,08,10,32,24,15,46,,,1.53,0.84,1.28*00
DEBUG,2026-02-06 21:24:04,$GPGSA,A,3,18,16,23,27,08,10,32,24,15,46,,,1.53,0.84,1.28*00
DEBUG,2026-02-06 21:24:04,$GPGSV,3,1,12,08,22,314,34,10,65,295,19,15,14,042,25,16,13,247,23*70
DEBUG,2026-02-06 21:24:04,$GPGSV,3,1,12,08,22,314,34,10,65,295,19,15,14,042,25,16,13,247,23*70
DEBUG,2026-02-06 21:24:04,$GPGSV,3,2,12,18,47,094,31,23,57,032,30,24,16,085,19,26,00,220,*7F
DEBUG,2026-02-06 21:24:04,$GPGSV,3,2,12,18,47,094,31,23,57,032,30,24,16,085,19,26,00,220,*7F
DEBUG,2026-02-06 21:24:04,$GPGSV,3,3,12,27,49,292,29,32,37,188,22,46,47,193,32,48,47,186,*7F
DEBUG,2026-02-06 21:24:04,$GPGSV,3,3,12,27,49,292,29,32,37,188,22,46,47,193,32,48,47,186,*7F
DEBUG,2026-02-06 21:24:04,$GPGLL,3642.22817,N,12136.46787,W,052405.00,A,D*78
DEBUG,2026-02-06 21:24:04,$GPGLL,3642.22817,N,12136.46787,W,052405.00,A,D*78
DEBUG,2026-02-06 21:24:05,$GPRMC,052406.00,A,3642.22823,N,12136.46787,W,0.033,,070226,,,D*64
DEBUG,2026-02-06 21:24:05,$GPRMC,052406.00,A,3642.22823,N,12136.46787,W,0.033,,070226,,,D*64
DEBUG,2026-02-06 21:24:05,$GPVTG,,T,,M,0.033,N,0.062,K,D*22
DEBUG,2026-02-06 21:24:05,$GPVTG,,T,,M,0.033,N,0.062,K,D*22
DEBUG,2026-02-06 21:24:05,$GPGGA,052406.00,3642.22823,N,12136.46787,W,2,10,0.84,41.9,M,-30.7,M,,0000*57
DEBUG,2026-02-06 21:24:05,$GPGGA,052406.00,3642.22823,N,12136.46787,W,2,10,0.84,41.9,M,-30.7,M,,0000*57
DEBUG,2026-02-06 21:24:05,Lat: 36.70380383333333, Lon: -121.60779783333334, Alt: 41.9 M, Fix: 2
DEBUG,2026-02-06 21:24:05,$GPGSA,A,3,18,16,23,27,08,10,32,24,15,46,,,1.53,0.84,1.28*00
DEBUG,2026-02-06 21:24:05,$GPGSA,A,3,18,16,23,27,08,10,32,24,15,46,,,1.53,0.84,1.28*00
DEBUG,2026-02-06 21:24:05,$GPGSV,3,1,12,08,22,314,34,10,65,295,20,15,14,042,25,16,13,247,23*7A
DEBUG,2026-02-06 21:24:05,$GPGSV,3,1,12,08,22,314,34,10,65,295,20,15,14,042,25,16,13,247,23*7A
DEBUG,2026-02-06 21:24:05,$GPGSV,3,2,12,18,47,094,31,23,57,032,30,24,16,085,18,26,00,220,*7E
DEBUG,2026-02-06 21:24:05,$GPGSV,3,2,12,18,47,094,31,23,57,032,30,24,16,085,18,26,00,220,*7E
DEBUG,2026-02-06 21:24:05,$GPGSV,3,3,12,27,49,292,28,32,37,188,22,46,47,193,32,48,47,186,*7E
DEBUG,2026-02-06 21:24:05,$GPGSV,3,3,12,27,49,292,28,32,37,188,22,46,47,193,32,48,47,186,*7E
DEBUG,2026-02-06 21:24:05,$GPGLL,3642.22823,N,12136.46787,W,052406.00,A,D*7C
DEBUG,2026-02-06 21:24:05,$GPGLL,3642.22823,N,12136.46787,W,052406.00,A,D*7C
INFO,2026-02-06 21:26:46,
===================================================
			Starting Mobile Monitor!			
===================================================
DEBUG,2026-02-06 21:26:46,$GPTXT,01,01,02,u-blox ag - www.u-blox.com*50
DEBUG,2026-02-06 21:26:46,$GPTXT,01,01,02,u-blox ag - www.u-blox.com*50
DEBUG,2026-02-06 21:26:46,$GPTXT,01,01,02,HW  UBX-G70xx   00070000 FF7FFFFFo*69
DEBUG,2026-02-06 21:26:46,$GPTXT,01,01,02,HW  UBX-G70xx   00070000 FF7FFFFFo*69
DEBUG,2026-02-06 21:26:46,$GPTXT,01,01,02,ROM CORE 1.00 (59842) Jun 27 2012 17:43:52*59
DEBUG,2026-02-06 21:26:46,$GPTXT,01,01,02,ROM CORE 1.00 (59842) Jun 27 2012 17:43:52*59
DEBUG,2026-02-06 21:26:46,$GPTXT,01,01,02,PROTVER 14.00*1E
DEBUG,2026-02-06 21:26:46,$GPTXT,01,01,02,PROTVER 14.00*1E
DEBUG,2026-02-06 21:26:46,$GPTXT,01,01,02,ANTSUPERV=AC SD PDoS SR*20
DEBUG,2026-02-06 21:26:46,$GPTXT,01,01,02,ANTSUPERV=AC SD PDoS SR*20
DEBUG,2026-02-06 21:26:46,$GPTXT,01,01,02,ANTSTATUS=OK*3B
DEBUG,2026-02-06 21:26:46,$GPTXT,01,01,02,ANTSTATUS=OK*3B
DEBUG,2026-02-06 21:26:46,$GPTXT,01,01,02,LLC FFFFFFFF-FFFFFFFF-FFFFFFFF-FFFFFFFF-FFFFFFFD*2C
DEBUG,2026-02-06 21:26:46,$GPTXT,01,01,02,LLC FFFFFFFF-FFFFFFFF-FFFFFFFF-FFFFFFFF-FFFFFFFD*2C
DEBUG,2026-02-06 21:26:46,$GPRMC,052647.00,A,3642.22741,N,12136.47011,W,0.047,,070226,,,D*62
DEBUG,2026-02-06 21:26:46,$GPRMC,052647.00,A,3642.22741,N,12136.47011,W,0.047,,070226,,,D*62
DEBUG,2026-02-06 21:26:46,$GPVTG,,T,,M,0.047,N,0.087,K,D*2A
DEBUG,2026-02-06 21:26:46,$GPVTG,,T,,M,0.047,N,0.087,K,D*2A
DEBUG,2026-02-06 21:26:46,$GPGGA,052647.00,3642.22741,N,12136.47011,W,2,10,0.85,43.0,M,-30.7,M,,0000*58
DEBUG,2026-02-06 21:26:46,$GPGGA,052647.00,3642.22741,N,12136.47011,W,2,10,0.85,43.0,M,-30.7,M,,0000*58
DEBUG,2026-02-06 21:26:46,Lat: 36.703790166666664, Lon: -121.60783516666666, Alt: 43.0 M, Fix: 2
DEBUG,2026-02-06 21:26:46,$GPGSA,A,3,18,16,23,27,08,10,32,24,15,46,,,1.53,0.85,1.27*0E
DEBUG,2026-02-06 21:26:46,$GPGSA,A,3,18,16,23,27,08,10,32,24,15,46,,,1.53,0.85,1.27*0E
DEBUG,2026-02-06 21:26:46,$GPGSV,3,1,11,08,23,313,35,10,65,298,27,15,13,042,26,16,12,246,28*7B
DEBUG,2026-02-06 21:26:46,$GPGSV,3,1,11,08,23,313,35,10,65,298,27,15,13,042,26,16,12,246,28*7B
DEBUG,2026-02-06 21:26:46,$GPGSV,3,2,11,18,46,095,17,23,56,033,28,24,16,084,19,27,49,290,31*75
DEBUG,2026-02-06 21:26:46,$GPGSV,3,2,11,18,46,095,17,23,56,033,28,24,16,084,19,27,49,290,31*75
DEBUG,2026-02-06 21:26:46,$GPGSV,3,3,11,32,38,188,22,46,47,193,33,48,47,186,*48
DEBUG,2026-02-06 21:26:46,$GPGSV,3,3,11,32,38,188,22,46,47,193,33,48,47,186,*48
DEBUG,2026-02-06 21:26:46,$GPGLL,3642.22741,N,12136.47011,W,052647.00,A,D*79
DEBUG,2026-02-06 21:26:46,$GPGLL,3642.22741,N,12136.47011,W,052647.00,A,D*79
DEBUG,2026-02-06 21:26:47,$GPRMC,052648.00,A,3642.22740,N,12136.47002,W,0.069,,070226,,,D*62
DEBUG,2026-02-06 21:26:47,$GPRMC,052648.00,A,3642.22740,N,12136.47002,W,0.069,,070226,,,D*62
DEBUG,2026-02-06 21:26:47,$GPVTG,,T,,M,0.069,N,0.128,K,D*22
DEBUG,2026-02-06 21:26:47,$GPVTG,,T,,M,0.069,N,0.128,K,D*22
DEBUG,2026-02-06 21:26:47,$GPGGA,052648.00,3642.22740,N,12136.47002,W,2,10,0.85,42.7,M,-30.7,M,,0000*52
DEBUG,2026-02-06 21:26:47,$GPGGA,052648.00,3642.22740,N,12136.47002,W,2,10,0.85,42.7,M,-30.7,M,,0000*52
DEBUG,2026-02-06 21:26:47,Lat: 36.70379, Lon: -121.60783366666666, Alt: 42.7 M, Fix: 2
DEBUG,2026-02-06 21:26:47,$GPGSA,A,3,18,16,23,27,08,10,32,24,15,46,,,1.53,0.85,1.27*0E
DEBUG,2026-02-06 21:26:47,$GPGSA,A,3,18,16,23,27,08,10,32,24,15,46,,,1.53,0.85,1.27*0E
DEBUG,2026-02-06 21:26:47,$GPGSV,3,1,11,08,23,313,35,10,65,298,27,15,13,042,26,16,12,246,28*7B
DEBUG,2026-02-06 21:26:47,$GPGSV,3,1,11,08,23,313,35,10,65,298,27,15,13,042,26,16,12,246,28*7B
DEBUG,2026-02-06 21:26:47,$GPGSV,3,2,11,18,46,095,15,23,56,033,27,24,16,084,19,27,49,290,30*79
DEBUG,2026-02-06 21:26:47,$GPGSV,3,2,11,18,46,095,15,23,56,033,27,24,16,084,19,27,49,290,30*79
DEBUG,2026-02-06 21:26:47,$GPGSV,3,3,11,32,38,188,22,46,47,193,32,48,47,186,*49
DEBUG,2026-02-06 21:26:47,$GPGSV,3,3,11,32,38,188,22,46,47,193,32,48,47,186,*49
DEBUG,2026-02-06 21:26:47,$GPGLL,3642.22740,N,12136.47002,W,052648.00,A,D*75
DEBUG,2026-02-06 21:26:47,$GPGLL,3642.22740,N,12136.47002,W,052648.00,A,D*75
DEBUG,2026-02-06 21:26:48,$GPRMC,052649.00,A,3642.22737,N,12136.46990,W,0.041,,070226,,,D*6A
DEBUG,2026-02-06 21:26:48,$GPRMC,052649.00,A,3642.22737,N,12136.46990,W,0.041,,070226,,,D*6A
DEBUG,2026-02-06 21:26:48,$GPVTG,,T,,M,0.041,N,0.076,K,D*22
DEBUG,2026-02-06 21:26:48,$GPVTG,,T,,M,0.041,N,0.076,K,D*22
DEBUG,2026-02-06 21:26:48,$GPGGA,052649.00,3642.22737,N,12136.46990,W,2,10,0.85,42.5,M,-30.7,M,,0000*52
DEBUG,2026-02-06 21:26:48,$GPGGA,052649.00,3642.22737,N,12136.46990,W,2,10,0.85,42.5,M,-30.7,M,,0000*52
DEBUG,2026-02-06 21:26:48,Lat: 36.7037895, Lon: -121.60783166666667, Alt: 42.5 M, Fix: 2
DEBUG,2026-02-06 21:26:48,$GPGSA,A,3,18,16,23,27,08,10,32,24,15,46,,,1.53,0.85,1.27*0E
DEBUG,2026-02-06 21:26:48,$GPGSA,A,3,18,16,23,27,08,10,32,24,15,46,,,1.53,0.85,1.27*0E
DEBUG,2026-02-06 21:26:48,$GPGSV,3,1,11,08,23,313,35,10,65,298,28,15,13,042,26,16,12,246,27*7B
DEBUG,2026-02-06 21:26:48,$GPGSV,3,1,11,08,23,313,35,10,65,298,28,15,13,042,26,16,12,246,27*7B
DEBUG,2026-02-06 21:26:48,$GPGSV,3,2,11,18,46,095,13,23,56,033,28,24,16,084,20,27,49,290,30*7A
DEBUG,2026-02-06 21:26:48,$GPGSV,3,2,11,18,46,095,13,23,56,033,28,24,16,084,20,27,49,290,30*7A
DEBUG,2026-02-06 21:26:48,$GPGSV,3,3,11,32,38,188,21,46,47,193,32,48,47,186,*4A
DEBUG,2026-02-06 21:26:48,$GPGSV,3,3,11,32,38,188,21,46,47,193,32,48,47,186,*4A
DEBUG,2026-02-06 21:26:48,$GPGLL,3642.22737,N,12136.46990,W,052649.00,A,D*77
DEBUG,2026-02-06 21:26:48,$GPGLL,3642.22737,N,12136.46990,W,052649.00,A,D*77
DEBUG,2026-02-06 21:26:49,$GPRMC,052650.00,A,3642.22735,N,12136.46982,W,0.029,,070226,,,D*6D
DEBUG,2026-02-06 21:26:49,$GPRMC,052650.00,A,3642.22735,N,12136.46982,W,0.029,,070226,,,D*6D
DEBUG,2026-02-06 21:26:49,$GPVTG,,T,,M,0.029,N,0.053,K,D*2B
DEBUG,2026-02-06 21:26:49,$GPVTG,,T,,M,0.029,N,0.053,K,D*2B
DEBUG,2026-02-06 21:26:49,$GPGGA,052650.00,3642.22735,N,12136.46982,W,2,10,0.85,42.4,M,-30.7,M,,0000*5A
DEBUG,2026-02-06 21:26:49,$GPGGA,052650.00,3642.22735,N,12136.46982,W,2,10,0.85,42.4,M,-30.7,M,,0000*5A
DEBUG,2026-02-06 21:26:49,Lat: 36.70378916666667, Lon: -121.60783033333334, Alt: 42.4 M, Fix: 2
DEBUG,2026-02-06 21:26:49,$GPGSA,A,3,18,16,23,27,08,10,32,24,15,46,,,1.53,0.85,1.27*0E
DEBUG,2026-02-06 21:26:49,$GPGSA,A,3,18,16,23,27,08,10,32,24,15,46,,,1.53,0.85,1.27*0E
DEBUG,2026-02-06 21:26:49,$GPGSV,3,1,11,08,23,313,35,10,65,298,28,15,13,042,26,16,12,246,27*7B
DEBUG,2026-02-06 21:26:49,$GPGSV,3,1,11,08,23,313,35,10,65,298,28,15,13,042,26,16,12,246,27*7B
DEBUG,2026-02-06 21:26:49,$GPGSV,3,2,11,18,46,095,12,23,56,033,27,24,16,084,20,27,49,290,30*74
DEBUG,2026-02-06 21:26:49,$GPGSV,3,2,11,18,46,095,12,23,56,033,27,24,16,084,20,27,49,290,30*74
DEBUG,2026-02-06 21:26:49,$GPGSV,3,3,11,32,38,188,21,46,47,193,32,48,47,186,*4A
DEBUG,2026-02-06 21:26:49,$GPGSV,3,3,11,32,38,188,21,46,47,193,32,48,47,186,*4A
DEBUG,2026-02-06 21:26:49,$GPGLL,3642.22735,N,12136.46982,W,052650.00,A,D*7E
DEBUG,2026-02-06 21:26:49,$GPGLL,3642.22735,N,12136.46982,W,052650.00,A,D*7E
DEBUG,2026-02-06 21:26:50,$GPRMC,052651.00,A,3642.22735,N,12136.46983,W,0.026,,070226,,,D*62
DEBUG,2026-02-06 21:26:50,$GPRMC,052651.00,A,3642.22735,N,12136.46983,W,0.026,,070226,,,D*62
DEBUG,2026-02-06 21:26:50,$GPVTG,,T,,M,0.026,N,0.048,K,D*2E
DEBUG,2026-02-06 21:26:50,$GPVTG,,T,,M,0.026,N,0.048,K,D*2E
DEBUG,2026-02-06 21:26:50,$GPGGA,052651.00,3642.22735,N,12136.46983,W,2,10,0.92,42.5,M,-30.7,M,,0000*5D
DEBUG,2026-02-06 21:26:50,$GPGGA,052651.00,3642.22735,N,12136.46983,W,2,10,0.92,42.5,M,-30.7,M,,0000*5D
DEBUG,2026-02-06 21:26:50,Lat: 36.70378916666667, Lon: -121.6078305, Alt: 42.5 M, Fix: 2
DEBUG,2026-02-06 21:26:50,$GPGSA,A,3,18,16,23,27,08,10,32,24,15,46,,,1.67,0.92,1.39*00
DEBUG,2026-02-06 21:26:50,$GPGSA,A,3,18,16,23,27,08,10,32,24,15,46,,,1.67,0.92,1.39*00
DEBUG,2026-02-06 21:26:50,$GPGSV,3,1,11,08,23,313,35,10,65,298,28,15,13,042,25,16,12,246,27*78
DEBUG,2026-02-06 21:26:50,$GPGSV,3,1,11,08,23,313,35,10,65,298,28,15,13,042,25,16,12,246,27*78
DEBUG,2026-02-06 21:26:50,$GPGSV,3,2,11,18,46,095,12,23,56,033,27,24,16,084,20,27,49,290,30*74
DEBUG,2026-02-06 21:26:50,$GPGSV,3,2,11,18,46,095,12,23,56,033,27,24,16,084,20,27,49,290,30*74
DEBUG,2026-02-06 21:26:50,$GPGSV,3,3,11,32,38,188,21,46,47,193,32,48,47,186,*4A
DEBUG,2026-02-06 21:26:50,$GPGSV,3,3,11,32,38,188,21,46,47,193,32,48,47,186,*4A
DEBUG,2026-02-06 21:26:50,$GPGLL,3642.22735,N,12136.46983,W,052651.00,A,D*7E
DEBUG,2026-02-06 21:26:50,$GPGLL,3642.22735,N,12136.46983,W,052651.00,A,D*7E
DEBUG,2026-02-06 21:26:51,Latitude, Longitude: (36.70378916666667, -121.6078305)
DEBUG,2026-02-06 21:26:51,Download, Upload: (None, None)
DEBUG,2026-02-06 21:26:51,$GPRMC,052652.00,A,3642.22733,N,12136.46986,W,0.072,,070226,,,D*63
DEBUG,2026-02-06 21:26:51,$GPRMC,052652.00,A,3642.22733,N,12136.46986,W,0.072,,070226,,,D*63
DEBUG,2026-02-06 21:26:51,$GPVTG,,T,,M,0.072,N,0.134,K,D*25
DEBUG,2026-02-06 21:26:51,$GPVTG,,T,,M,0.072,N,0.134,K,D*25
DEBUG,2026-02-06 21:26:51,$GPGGA,052652.00,3642.22733,N,12136.46986,W,2,10,0.92,42.4,M,-30.7,M,,0000*5C
DEBUG,2026-02-06 21:26:51,$GPGGA,052652.00,3642.22733,N,12136.46986,W,2,10,0.92,42.4,M,-30.7,M,,0000*5C
DEBUG,2026-02-06 21:26:51,Lat: 36.703788833333334, Lon: -121.607831, Alt: 42.4 M, Fix: 2
DEBUG,2026-02-06 21:26:51,$GPGSA,A,3,18,16,23,27,08,10,32,24,15,46,,,1.67,0.92,1.39*00
DEBUG,2026-02-06 21:26:51,$GPGSA,A,3,18,16,23,27,08,10,32,24,15,46,,,1.67,0.92,1.39*00
DEBUG,2026-02-06 21:26:51,$GPGSV,3,1,11,08,23,313,35,10,65,298,28,15,13,042,26,16,12,246,27*7B
DEBUG,2026-02-06 21:26:51,$GPGSV,3,1,11,08,23,313,35,10,65,298,28,15,13,042,26,16,12,246,27*7B
DEBUG,2026-02-06 21:26:51,$GPGSV,3,2,11,18,46,095,12,23,56,033,27,24,16,084,20,27,49,290,30*74
DEBUG,2026-02-06 21:26:51,$GPGSV,3,2,11,18,46,095,12,23,56,033,27,24,16,084,20,27,49,290,30*74
DEBUG,2026-02-06 21:26:51,$GPGSV,3,3,11,32,38,188,21,46,47,193,32,48,47,186,*4A
DEBUG,2026-02-06 21:26:51,$GPGSV,3,3,11,32,38,188,21,46,47,193,32,48,47,186,*4A
DEBUG,2026-02-06 21:26:51,$GPGLL,3642.22733,N,12136.46986,W,052652.00,A,D*7E
DEBUG,2026-02-06 21:26:51,$GPGLL,3642.22733,N,12136.46986,W,052652.00,A,D*7E
DEBUG,2026-02-06 21:26:52,$GPRMC,052653.00,A,3642.22732,N,12136.46982,W,0.029,,070226,,,D*69
DEBUG,2026-02-06 21:26:52,$GPRMC,052653.00,A,3642.22732,N,12136.46982,W,0.029,,070226,,,D*69
DEBUG,2026-02-06 21:26:52,$GPVTG,,T,,M,0.029,N,0.053,K,D*2B
DEBUG,2026-02-06 21:26:52,$GPVTG,,T,,M,0.029,N,0.053,K,D*2B
DEBUG,2026-02-06 21:26:52,$GPGGA,052653.00,3642.22732,N,12136.46982,W,2,10,0.85,42.3,M,-30.7,M,,0000*59
DEBUG,2026-02-06 21:26:52,$GPGGA,052653.00,3642.22732,N,12136.46982,W,2,10,0.85,42.3,M,-30.7,M,,0000*59
DEBUG,2026-02-06 21:26:52,Lat: 36.70378866666667, Lon: -121.60783033333334, Alt: 42.3 M, Fix: 2
DEBUG,2026-02-06 21:26:52,$GPGSA,A,3,18,16,23,27,08,10,32,24,15,46,,,1.53,0.85,1.27*0E
DEBUG,2026-02-06 21:26:52,$GPGSA,A,3,18,16,23,27,08,10,32,24,15,46,,,1.53,0.85,1.27*0E
DEBUG,2026-02-06 21:26:52,$GPGSV,3,1,11,08,23,313,35,10,65,298,28,15,13,042,26,16,12,246,27*7B
DEBUG,2026-02-06 21:26:52,$GPGSV,3,1,11,08,23,313,35,10,65,298,28,15,13,042,26,16,12,246,27*7B
DEBUG,2026-02-06 21:26:52,$GPGSV,3,2,11,18,46,095,11,23,56,033,27,24,16,084,20,27,49,290,30*77
DEBUG,2026-02-06 21:26:52,$GPGSV,3,2,11,18,46,095,11,23,56,033,27,24,16,084,20,27,49,290,30*77
DEBUG,2026-02-06 21:26:52,$GPGSV,3,3,11,32,38,188,21,46,47,193,32,48,47,186,*4A
DEBUG,2026-02-06 21:26:52,$GPGSV,3,3,11,32,38,188,21,46,47,193,32,48,47,186,*4A
DEBUG,2026-02-06 21:26:52,$GPGLL,3642.22732,N,12136.46982,W,052653.00,A,D*7A
DEBUG,2026-02-06 21:26:52,$GPGLL,3642.22732,N,12136.46982,W,052653.00,A,D*7A
DEBUG,2026-02-06 21:26:53,$GPRMC,052654.00,A,3642.22729,N,12136.46977,W,0.045,,070226,,,D*64
DEBUG,2026-02-06 21:26:53,$GPRMC,052654.00,A,3642.22729,N,12136.46977,W,0.045,,070226,,,D*64
DEBUG,2026-02-06 21:26:53,$GPVTG,,T,,M,0.045,N,0.083,K,D*2C
DEBUG,2026-02-06 21:26:53,$GPVTG,,T,,M,0.045,N,0.083,K,D*2C
DEBUG,2026-02-06 21:26:53,$GPGGA,052654.00,3642.22729,N,12136.46977,W,2,10,0.85,42.1,M,-30.7,M,,0000*5C
DEBUG,2026-02-06 21:26:53,$GPGGA,052654.00,3642.22729,N,12136.46977,W,2,10,0.85,42.1,M,-30.7,M,,0000*5C
DEBUG,2026-02-06 21:26:53,Lat: 36.70378816666667, Lon: -121.6078295, Alt: 42.1 M, Fix: 2
DEBUG,2026-02-06 21:26:53,$GPGSA,A,3,18,16,23,27,08,10,32,24,15,46,,,1.53,0.85,1.27*0E
DEBUG,2026-02-06 21:26:53,$GPGSA,A,3,18,16,23,27,08,10,32,24,15,46,,,1.53,0.85,1.27*0E
DEBUG,2026-02-06 21:26:53,$GPGSV,3,1,11,08,23,313,35,10,65,298,28,15,13,042,26,16,12,246,27*7B
DEBUG,2026-02-06 21:26:53,$GPGSV,3,1,11,08,23,313,35,10,65,298,28,15,13,042,26,16,12,246,27*7B
DEBUG,2026-02-06 21:26:53,$GPGSV,3,2,11,18,46,095,12,23,56,033,26,24,16,084,20,27,49,290,31*74
DEBUG,2026-02-06 21:26:53,$GPGSV,3,2,11,18,46,095,12,23,56,033,26,24,16,084,20,27,49,290,31*74
DEBUG,2026-02-06 21:26:53,$GPGSV,3,3,11,32,38,188,21,46,47,193,32,48,47,186,*4A
DEBUG,2026-02-06 21:26:53,$GPGSV,3,3,11,32,38,188,21,46,47,193,32,48,47,186,*4A
DEBUG,2026-02-06 21:26:53,$GPGLL,3642.22729,N,12136.46977,W,052654.00,A,D*7D
DEBUG,2026-02-06 21:26:53,$GPGLL,3642.22729,N,12136.46977,W,052654.00,A,D*7D
DEBUG,2026-02-06 21:26:54,$GPRMC,052655.00,A,3642.22727,N,12136.46970,W,0.010,,070226,,,D*6C
DEBUG,2026-02-06 21:26:54,$GPRMC,052655.00,A,3642.22727,N,12136.46970,W,0.010,,070226,,,D*6C
DEBUG,2026-02-06 21:26:54,$GPVTG,,T,,M,0.010,N,0.018,K,D*2E
DEBUG,2026-02-06 21:26:54,$GPVTG,,T,,M,0.010,N,0.018,K,D*2E
DEBUG,2026-02-06 21:26:54,$GPGGA,052655.00,3642.22727,N,12136.46970,W,2,10,0.85,42.0,M,-30.7,M,,0000*55
DEBUG,2026-02-06 21:26:54,$GPGGA,052655.00,3642.22727,N,12136.46970,W,2,10,0.85,42.0,M,-30.7,M,,0000*55
DEBUG,2026-02-06 21:26:54,Lat: 36.70378783333334, Lon: -121.60782833333333, Alt: 42.0 M, Fix: 2
DEBUG,2026-02-06 21:26:54,$GPGSA,A,3,18,16,23,27,08,10,32,24,15,46,,,1.53,0.85,1.27*0E
DEBUG,2026-02-06 21:26:54,$GPGSA,A,3,18,16,23,27,08,10,32,24,15,46,,,1.53,0.85,1.27*0E
DEBUG,2026-02-06 21:26:54,$GPGSV,3,1,11,08,23,313,35,10,65,298,28,15,13,042,26,16,12,246,28*74
DEBUG,2026-02-06 21:26:54,$GPGSV,3,1,11,08,23,313,35,10,65,298,28,15,13,042,26,16,12,246,28*74
DEBUG,2026-02-06 21:26:54,$GPGSV,3,2,11,18,46,095,13,23,56,033,26,24,16,084,21,27,49,290,31*74
DEBUG,2026-02-06 21:26:54,$GPGSV,3,2,11,18,46,095,13,23,56,033,26,24,16,084,21,27,49,290,31*74
DEBUG,2026-02-06 21:26:54,$GPGSV,3,3,11,32,38,188,23,46,47,193,32,48,47,186,*48
DEBUG,2026-02-06 21:26:54,$GPGSV,3,3,11,32,38,188,23,46,47,193,32,48,47,186,*48
DEBUG,2026-02-06 21:26:54,$GPGLL,3642.22727,N,12136.46970,W,052655.00,A,D*75
DEBUG,2026-02-06 21:26:54,$GPGLL,3642.22727,N,12136.46970,W,052655.00,A,D*75
DEBUG,2026-02-06 21:26:55,$GPRMC,052656.00,A,3642.22724,N,12136.46963,W,0.041,,070226,,,D*6A
DEBUG,2026-02-06 21:26:55,$GPRMC,052656.00,A,3642.22724,N,12136.46963,W,0.041,,070226,,,D*6A
DEBUG,2026-02-06 21:26:55,$GPVTG,,T,,M,0.041,N,0.075,K,D*21
DEBUG,2026-02-06 21:26:55,$GPVTG,,T,,M,0.041,N,0.075,K,D*21
DEBUG,2026-02-06 21:26:55,$GPGGA,052656.00,3642.22724,N,12136.46963,W,2,10,0.85,41.8,M,-30.7,M,,0000*5C
DEBUG,2026-02-06 21:26:55,$GPGGA,052656.00,3642.22724,N,12136.46963,W,2,10,0.85,41.8,M,-30.7,M,,0000*5C
DEBUG,2026-02-06 21:26:55,Lat: 36.70378733333333, Lon: -121.60782716666667, Alt: 41.8 M, Fix: 2
DEBUG,2026-02-06 21:26:55,$GPGSA,A,3,18,16,23,27,08,10,32,24,15,46,,,1.53,0.85,1.27*0E
DEBUG,2026-02-06 21:26:55,$GPGSA,A,3,18,16,23,27,08,10,32,24,15,46,,,1.53,0.85,1.27*0E
DEBUG,2026-02-06 21:26:55,$GPGSV,3,1,11,08,23,313,34,10,65,298,28,15,13,042,25,16,12,246,27*79
DEBUG,2026-02-06 21:26:55,$GPGSV,3,1,11,08,23,313,34,10,65,298,28,15,13,042,25,16,12,246,27*79
DEBUG,2026-02-06 21:26:55,$GPGSV,3,2,11,18,46,095,13,23,56,033,26,24,16,084,21,27,49,290,30*75
DEBUG,2026-02-06 21:26:55,$GPGSV,3,2,11,18,46,095,13,23,56,033,26,24,16,084,21,27,49,290,30*75
DEBUG,2026-02-06 21:26:55,$GPGSV,3,3,11,32,38,188,22,46,47,193,31,48,47,186,*4A
DEBUG,2026-02-06 21:26:55,$GPGSV,3,3,11,32,38,188,22,46,47,193,31,48,47,186,*4A
DEBUG,2026-02-06 21:26:55,$GPGLL,3642.22724,N,12136.46963,W,052656.00,A,D*77
DEBUG,2026-02-06 21:26:55,$GPGLL,3642.22724,N,12136.46963,W,052656.00,A,D*77
DEBUG,2026-02-06 21:26:56,Latitude, Longitude: (36.70378733333333, -121.60782716666667)
DEBUG,2026-02-06 21:26:56,Download, Upload: (None, None)
DEBUG,2026-02-06 21:26:56,$GPRMC,052657.00,A,3642.22719,N,12136.46958,W,0.057,,070226,,,D*6A
DEBUG,2026-02-06 21:26:56,$GPRMC,052657.00,A,3642.22719,N,12136.46958,W,0.057,,070226,,,D*6A
DEBUG,2026-02-06 21:26:56,$GPVTG,,T,,M,0.057,N,0.105,K,D*20
DEBUG,2026-02-06 21:26:56,$GPVTG,,T,,M,0.057,N,0.105,K,D*20
DEBUG,2026-02-06 21:26:56,$GPGGA,052657.00,3642.22719,N,12136.46958,W,2,10,0.85,41.6,M,-30.7,M,,0000*55
DEBUG,2026-02-06 21:26:56,$GPGGA,052657.00,3642.22719,N,12136.46958,W,2,10,0.85,41.6,M,-30.7,M,,0000*55
DEBUG,2026-02-06 21:26:56,Lat: 36.7037865, Lon: -121.60782633333334, Alt: 41.6 M, Fix: 2
DEBUG,2026-02-06 21:26:56,$GPGSA,A,3,18,16,23,27,08,10,32,24,15,46,,,1.53,0.85,1.27*0E
DEBUG,2026-02-06 21:26:56,$GPGSA,A,3,18,16,23,27,08,10,32,24,15,46,,,1.53,0.85,1.27*0E
DEBUG,2026-02-06 21:26:56,$GPGSV,3,1,11,08,23,313,35,10,65,298,28,15,13,042,26,16,12,246,28*74
DEBUG,2026-02-06 21:26:56,$GPGSV,3,1,11,08,23,313,35,10,65,298,28,15,13,042,26,16,12,246,28*74
DEBUG,2026-02-06 21:26:56,$GPGSV,3,2,11,18,46,095,11,23,56,033,26,24,16,084,21,27,49,290,31*76
DEBUG,2026-02-06 21:26:56,$GPGSV,3,2,11,18,46,095,11,23,56,033,26,24,16,084,21,27,49,290,31*76
DEBUG,2026-02-06 21:26:56,$GPGSV,3,3,11,32,38,188,22,46,47,193,32,48,47,186,*49
DEBUG,2026-02-06 21:26:56,$GPGSV,3,3,11,32,38,188,22,46,47,193,32,48,47,186,*49
DEBUG,2026-02-06 21:26:56,$GPGLL,3642.22719,N,12136.46958,W,052657.00,A,D*70
DEBUG,2026-02-06 21:26:56,$GPGLL,3642.22719,N,12136.46958,W,052657.00,A,D*70
DEBUG,2026-02-06 21:26:57,$GPRMC,052658.00,A,3642.22717,N,12136.46951,W,0.044,,070226,,,D*60
DEBUG,2026-02-06 21:26:57,$GPRMC,052658.00,A,3642.22717,N,12136.46951,W,0.044,,070226,,,D*60
DEBUG,2026-02-06 21:26:57,$GPVTG,,T,,M,0.044,N,0.081,K,D*2F
DEBUG,2026-02-06 21:26:57,$GPVTG,,T,,M,0.044,N,0.081,K,D*2F
DEBUG,2026-02-06 21:26:57,$GPGGA,052658.00,3642.22717,N,12136.46951,W,2,10,0.85,41.4,M,-30.7,M,,0000*5F
DEBUG,2026-02-06 21:26:57,$GPGGA,052658.00,3642.22717,N,12136.46951,W,2,10,0.85,41.4,M,-30.7,M,,0000*5F
DEBUG,2026-02-06 21:26:57,Lat: 36.70378616666667, Lon: -121.60782516666667, Alt: 41.4 M, Fix: 2
DEBUG,2026-02-06 21:26:57,$GPGSA,A,3,18,16,23,27,08,10,32,24,15,46,,,1.53,0.85,1.27*0E
DEBUG,2026-02-06 21:26:57,$GPGSA,A,3,18,16,23,27,08,10,32,24,15,46,,,1.53,0.85,1.27*0E
DEBUG,2026-02-06 21:26:57,$GPGSV,3,1,11,08,23,313,35,10,65,298,29,15,13,042,26,16,12,246,28*75
DEBUG,2026-02-06 21:26:57,$GPGSV,3,1,11,08,23,313,35,10,65,298,29,15,13,042,26,16,12,246,28*75
DEBUG,2026-02-06 21:26:57,$GPGSV,3,2,11,18,46,096,10,23,56,033,26,24,16,084,22,27,49,290,31*77
DEBUG,2026-02-06 21:26:57,$GPGSV,3,2,11,18,46,096,10,23,56,033,26,24,16,084,22,27,49,290,31*77
DEBUG,2026-02-06 21:26:57,$GPGSV,3,3,11,32,38,188,22,46,47,193,32,48,47,186,*49
DEBUG,2026-02-06 21:26:57,$GPGSV,3,3,11,32,38,188,22,46,47,193,32,48,47,186,*49
DEBUG,2026-02-06 21:26:57,$GPGLL,3642.22717,N,12136.46951,W,052658.00,A,D*78
DEBUG,2026-02-06 21:26:57,$GPGLL,3642.22717,N,12136.46951,W,052658.00,A,D*78
INFO,2026-02-06 21:30:31,
===================================================
			Starting Mobile Monitor!			
===================================================
INFO,2026-02-06 21:30:32,Starting GPS spinlock
INFO,2026-02-06 21:30:32,Starting download spinlock
INFO,2026-02-06 21:30:32,Starting upload spinlock
INFO,2026-02-06 21:30:32,Starting monitoring loop
DEBUG,2026-02-06 21:30:32,Lat: 36.7038065, Lon: -121.60783366666666, Alt: 37.4 M, Fix: 2
DEBUG,2026-02-06 21:30:33,Lat: 36.70380683333333, Lon: -121.60783316666667, Alt: 37.4 M, Fix: 2
DEBUG,2026-02-06 21:30:34,Lat: 36.703807166666664, Lon: -121.60783133333334, Alt: 37.0 M, Fix: 2
DEBUG,2026-02-06 21:30:35,Lat: 36.7038075, Lon: -121.60783116666667, Alt: 37.0 M, Fix: 2
DEBUG,2026-02-06 21:30:36,Lat: 36.70380766666667, Lon: -121.6078305, Alt: 36.8 M, Fix: 2
DEBUG,2026-02-06 21:30:37,Lat: 36.703807833333336, Lon: -121.60782916666666, Alt: 36.7 M, Fix: 2
DEBUG,2026-02-06 21:30:38,Lat: 36.703807833333336, Lon: -121.60782783333333, Alt: 36.8 M, Fix: 2
DEBUG,2026-02-06 21:30:39,Lat: 36.703807833333336, Lon: -121.60782733333333, Alt: 36.8 M, Fix: 2
DEBUG,2026-02-06 21:30:40,Lat: 36.70380816666667, Lon: -121.60782716666667, Alt: 36.7 M, Fix: 2
DEBUG,2026-02-06 21:30:41,Lat: 36.70380883333333, Lon: -121.6078255, Alt: 36.6 M, Fix: 2
DEBUG,2026-02-06 21:30:42,Download: 591744732.1856605
DEBUG,2026-02-06 21:30:42,Lat: 36.703809166666666, Lon: -121.60782533333334, Alt: 36.6 M, Fix: 2
DEBUG,2026-02-06 21:30:43,Lat: 36.7038095, Lon: -121.60782466666667, Alt: 36.4 M, Fix: 2
DEBUG,2026-02-06 21:30:44,Lat: 36.70380983333333, Lon: -121.60782383333333, Alt: 36.3 M, Fix: 2
DEBUG,2026-02-06 21:30:45,Lat: 36.70380983333333, Lon: -121.60782333333333, Alt: 36.3 M, Fix: 2
DEBUG,2026-02-06 21:30:46,Lat: 36.70381, Lon: -121.607823, Alt: 36.2 M, Fix: 2
DEBUG,2026-02-06 21:30:46,Upload: 28920791.724206623
DEBUG,2026-02-06 21:30:47,Latitude, Longitude: (36.70381, -121.607823)
DEBUG,2026-02-06 21:30:47,Download, Upload: (591744732.1856605, 28920791.724206623)
INFO,2026-02-06 21:30:47,Starting monitoring loop
DEBUG,2026-02-06 21:30:47,Lat: 36.70381, Lon: -121.6078235, Alt: 36.2 M, Fix: 2
DEBUG,2026-02-06 21:30:48,Download: 656584652.2451411
DEBUG,2026-02-06 21:30:48,Lat: 36.70381016666666, Lon: -121.60782283333333, Alt: 36.1 M, Fix: 2
DEBUG,2026-02-06 21:30:49,Lat: 36.70381, Lon: -121.6078225, Alt: 36.1 M, Fix: 2
DEBUG,2026-02-06 21:30:50,Lat: 36.703809666666665, Lon: -121.607823, Alt: 36.1 M, Fix: 2
DEBUG,2026-02-06 21:30:51,Lat: 36.703809166666666, Lon: -121.60782366666666, Alt: 36.2 M, Fix: 2
DEBUG,2026-02-06 21:30:52,Lat: 36.7038085, Lon: -121.6078245, Alt: 36.3 M, Fix: 2
DEBUG,2026-02-06 21:30:53,Lat: 36.703808333333335, Lon: -121.60782416666666, Alt: 36.2 M, Fix: 2
DEBUG,2026-02-06 21:30:54,Download: 645226325.5939425
DEBUG,2026-02-06 21:30:54,Lat: 36.7038085, Lon: -121.60782366666666, Alt: 36.2 M, Fix: 2
DEBUG,2026-02-06 21:30:55,Lat: 36.7038085, Lon: -121.60782233333333, Alt: 36.1 M, Fix: 2
DEBUG,2026-02-06 21:30:56,Lat: 36.70380816666667, Lon: -121.60782083333334, Alt: 35.8 M, Fix: 2
DEBUG,2026-02-06 21:30:57,Lat: 36.703808, Lon: -121.6078205, Alt: 35.8 M, Fix: 2
DEBUG,2026-02-06 21:30:57,Upload: 120776994.41973881
DEBUG,2026-02-06 21:30:58,Lat: 36.70380766666667, Lon: -121.60782083333334, Alt: 35.8 M, Fix: 2
DEBUG,2026-02-06 21:30:59,Lat: 36.703807166666664, Lon: -121.60782116666667, Alt: 35.9 M, Fix: 2
DEBUG,2026-02-06 21:30:59,Download: 736327538.0523812
DEBUG,2026-02-06 21:31:00,Lat: 36.70380683333333, Lon: -121.60782066666667, Alt: 35.9 M, Fix: 2
DEBUG,2026-02-06 21:31:01,Lat: 36.70380633333333, Lon: -121.60782083333334, Alt: 35.9 M, Fix: 2
DEBUG,2026-02-06 21:31:02,Latitude, Longitude: (36.70380633333333, -121.60782083333334)
DEBUG,2026-02-06 21:31:02,Download, Upload: (736327538.0523812, 120776994.41973881)
INFO,2026-02-06 21:31:02,Starting monitoring loop
DEBUG,2026-02-06 21:31:02,Lat: 36.703806, Lon: -121.60782083333334, Alt: 36.0 M, Fix: 2
DEBUG,2026-02-06 21:31:03,Lat: 36.703806166666666, Lon: -121.60782, Alt: 35.8 M, Fix: 2
DEBUG,2026-02-06 21:31:04,Lat: 36.703806, Lon: -121.60781916666667, Alt: 35.8 M, Fix: 2
DEBUG,2026-02-06 21:31:05,Download: 695826879.6906787
DEBUG,2026-02-06 21:31:05,Lat: 36.703805333333335, Lon: -121.607819, Alt: 35.8 M, Fix: 2
DEBUG,2026-02-06 21:31:06,Upload: 160857929.58433688
DEBUG,2026-02-06 21:31:06,Lat: 36.70380466666667, Lon: -121.60781966666667, Alt: 35.7 M, Fix: 2
DEBUG,2026-02-06 21:31:07,Lat: 36.70380433333333, Lon: -121.6078195, Alt: 35.5 M, Fix: 2
DEBUG,2026-02-06 21:31:08,Lat: 36.70380383333333, Lon: -121.60781916666667, Alt: 35.4 M, Fix: 2
DEBUG,2026-02-06 21:31:09,Lat: 36.703804, Lon: -121.6078185, Alt: 35.4 M, Fix: 2
DEBUG,2026-02-06 21:31:10,Lat: 36.70380383333333, Lon: -121.60781666666666, Alt: 35.0 M, Fix: 2
DEBUG,2026-02-06 21:31:10,Download: 765366586.8952999
DEBUG,2026-02-06 21:31:11,Lat: 36.70380333333333, Lon: -121.60781616666667, Alt: 34.8 M, Fix: 2
DEBUG,2026-02-06 21:31:12,Lat: 36.70380266666667, Lon: -121.607816, Alt: 34.6 M, Fix: 2
DEBUG,2026-02-06 21:31:13,Lat: 36.70380216666667, Lon: -121.607816, Alt: 34.4 M, Fix: 2
DEBUG,2026-02-06 21:31:14,Lat: 36.70380166666666, Lon: -121.60781533333333, Alt: 34.2 M, Fix: 2
DEBUG,2026-02-06 21:31:15,Lat: 36.70380133333333, Lon: -121.60781483333334, Alt: 34.2 M, Fix: 2
DEBUG,2026-02-06 21:31:16,Upload: 137008156.9186151
DEBUG,2026-02-06 21:31:16,Download: 678991135.546145
DEBUG,2026-02-06 21:31:16,Lat: 36.703801166666665, Lon: -121.607815, Alt: 34.0 M, Fix: 2
DEBUG,2026-02-06 21:31:17,Latitude, Longitude: (36.703801166666665, -121.607815)
DEBUG,2026-02-06 21:31:17,Download, Upload: (678991135.546145, 137008156.9186151)
INFO,2026-02-06 21:31:17,Starting monitoring loop
DEBUG,2026-02-06 21:31:17,Lat: 36.70380133333333, Lon: -121.60781533333333, Alt: 33.9 M, Fix: 2
DEBUG,2026-02-06 21:31:18,Lat: 36.703801, Lon: -121.60781416666667, Alt: 33.6 M, Fix: 2
DEBUG,2026-02-06 21:31:19,Lat: 36.703801, Lon: -121.60781316666667, Alt: 33.6 M, Fix: 2
DEBUG,2026-02-06 21:31:20,Lat: 36.70380133333333, Lon: -121.60781316666667, Alt: 33.5 M, Fix: 2
DEBUG,2026-02-06 21:31:21,Lat: 36.70380166666666, Lon: -121.60781333333334, Alt: 33.5 M, Fix: 2
DEBUG,2026-02-06 21:31:21,Download: 784286623.4788642
DEBUG,2026-02-06 21:31:22,Lat: 36.703801, Lon: -121.60781316666667, Alt: 33.6 M, Fix: 2
DEBUG,2026-02-06 21:31:23,Lat: 36.703801, Lon: -121.60781233333333, Alt: 33.7 M, Fix: 2
DEBUG,2026-02-06 21:31:24,Lat: 36.70380083333333, Lon: -121.60781233333333, Alt: 33.6 M, Fix: 2
DEBUG,2026-02-06 21:31:25,Lat: 36.703800666666666, Lon: -121.60781233333333, Alt: 33.7 M, Fix: 2
DEBUG,2026-02-06 21:31:26,Lat: 36.70380016666667, Lon: -121.60781283333333, Alt: 33.8 M, Fix: 2
DEBUG,2026-02-06 21:31:27,Download: 746084307.2012112
DEBUG,2026-02-06 21:31:27,Upload: 123260647.05150841
DEBUG,2026-02-06 21:31:27,Lat: 36.7038, Lon: -121.60781316666667, Alt: 33.8 M, Fix: 2
DEBUG,2026-02-06 21:31:28,Lat: 36.70379966666667, Lon: -121.60781316666667, Alt: 33.7 M, Fix: 2
DEBUG,2026-02-06 21:31:29,Lat: 36.703799, Lon: -121.60781283333333, Alt: 33.6 M, Fix: 2
DEBUG,2026-02-06 21:31:30,Lat: 36.703799333333336, Lon: -121.60781266666666, Alt: 33.7 M, Fix: 2
DEBUG,2026-02-06 21:31:31,Lat: 36.703798666666664, Lon: -121.60781266666666, Alt: 33.7 M, Fix: 2
DEBUG,2026-02-06 21:31:32,Latitude, Longitude: (36.703798666666664, -121.60781266666666)
DEBUG,2026-02-06 21:31:32,Download, Upload: (746084307.2012112, 123260647.05150841)
INFO,2026-02-06 21:31:32,Starting monitoring loop
DEBUG,2026-02-06 21:31:32,Lat: 36.70379833333333, Lon: -121.607813, Alt: 33.8 M, Fix: 2
DEBUG,2026-02-06 21:31:33,Download: 617728017.2090201
DEBUG,2026-02-06 21:31:33,Lat: 36.703798, Lon: -121.607813, Alt: 34.0 M, Fix: 2
DEBUG,2026-02-06 21:31:34,Lat: 36.70379783333333, Lon: -121.60781283333333, Alt: 34.1 M, Fix: 2
DEBUG,2026-02-06 21:31:35,Lat: 36.7037975, Lon: -121.607813, Alt: 34.2 M, Fix: 2
DEBUG,2026-02-06 21:31:36,Lat: 36.70379666666667, Lon: -121.60781333333334, Alt: 34.3 M, Fix: 2
DEBUG,2026-02-06 21:31:37,Lat: 36.703796, Lon: -121.60781416666667, Alt: 34.5 M, Fix: 2
DEBUG,2026-02-06 21:31:38,Upload: 121116916.6990381
DEBUG,2026-02-06 21:31:38,Lat: 36.70379533333333, Lon: -121.60781433333334, Alt: 34.6 M, Fix: 2
DEBUG,2026-02-06 21:31:38,Download: 754931468.6416489
DEBUG,2026-02-06 21:31:39,Lat: 36.703794, Lon: -121.607815, Alt: 34.7 M, Fix: 2
DEBUG,2026-02-06 21:31:40,Lat: 36.703793833333336, Lon: -121.60781483333334, Alt: 34.7 M, Fix: 2
DEBUG,2026-02-06 21:31:41,Lat: 36.70379333333333, Lon: -121.60781566666667, Alt: 34.8 M, Fix: 2
DEBUG,2026-02-06 21:31:42,Lat: 36.70379283333333, Lon: -121.60781616666667, Alt: 34.9 M, Fix: 2
DEBUG,2026-02-06 21:31:43,Lat: 36.70379233333333, Lon: -121.60781683333333, Alt: 35.0 M, Fix: 2
DEBUG,2026-02-06 21:31:44,Download: 766051398.9296811
DEBUG,2026-02-06 21:31:44,Lat: 36.70379233333333, Lon: -121.60781733333333, Alt: 35.0 M, Fix: 2
DEBUG,2026-02-06 21:31:45,Lat: 36.70379283333333, Lon: -121.607817, Alt: 35.1 M, Fix: 2
DEBUG,2026-02-06 21:31:46,Lat: 36.7037925, Lon: -121.60781783333333, Alt: 35.2 M, Fix: 2
DEBUG,2026-02-06 21:31:47,Latitude, Longitude: (36.7037925, -121.60781783333333)
DEBUG,2026-02-06 21:31:47,Download, Upload: (766051398.9296811, 121116916.6990381)
INFO,2026-02-06 21:31:47,Starting monitoring loop
DEBUG,2026-02-06 21:31:47,Lat: 36.703791833333334, Lon: -121.6078195, Alt: 35.6 M, Fix: 2
DEBUG,2026-02-06 21:31:48,Lat: 36.7037915, Lon: -121.607819, Alt: 35.6 M, Fix: 2
DEBUG,2026-02-06 21:31:48,Upload: 133233979.1937273
DEBUG,2026-02-06 21:31:49,Lat: 36.703791833333334, Lon: -121.60781833333333, Alt: 35.6 M, Fix: 2
DEBUG,2026-02-06 21:31:50,Download: 645743317.1705016
DEBUG,2026-02-06 21:31:50,Lat: 36.70379166666667, Lon: -121.60781766666666, Alt: 35.6 M, Fix: 2
DEBUG,2026-02-06 21:31:51,Lat: 36.703791333333335, Lon: -121.607818, Alt: 35.6 M, Fix: 2
DEBUG,2026-02-06 21:31:52,Lat: 36.70379033333333, Lon: -121.60781883333334, Alt: 35.7 M, Fix: 2
DEBUG,2026-02-06 21:31:53,Lat: 36.70378916666667, Lon: -121.60781883333334, Alt: 35.7 M, Fix: 2
DEBUG,2026-02-06 21:31:54,Lat: 36.70378866666667, Lon: -121.60781916666667, Alt: 35.7 M, Fix: 2
DEBUG,2026-02-06 21:31:55,Download: 829684705.5639217
DEBUG,2026-02-06 21:31:55,Lat: 36.703788333333335, Lon: -121.60781916666667, Alt: 35.5 M, Fix: 2
DEBUG,2026-02-06 21:31:56,Lat: 36.70378783333334, Lon: -121.6078195, Alt: 35.4 M, Fix: 2
DEBUG,2026-02-06 21:31:57,Lat: 36.70378733333333, Lon: -121.60781966666667, Alt: 35.3 M, Fix: 2
DEBUG,2026-02-06 21:31:58,Upload: 147874226.5847758
DEBUG,2026-02-06 21:31:58,Lat: 36.703786666666666, Lon: -121.60782, Alt: 35.3 M, Fix: 2
DEBUG,2026-02-06 21:31:59,Lat: 36.703785833333335, Lon: -121.60782033333334, Alt: 35.3 M, Fix: 2
DEBUG,2026-02-06 21:32:00,Download: 738743928.1288829
DEBUG,2026-02-06 21:32:00,Lat: 36.7037855, Lon: -121.60782066666667, Alt: 35.3 M, Fix: 2
DEBUG,2026-02-06 21:32:01,Lat: 36.70378516666667, Lon: -121.6078205, Alt: 35.4 M, Fix: 2
DEBUG,2026-02-06 21:32:02,Latitude, Longitude: (36.70378516666667, -121.6078205)
DEBUG,2026-02-06 21:32:02,Download, Upload: (738743928.1288829, 147874226.5847758)
INFO,2026-02-06 21:32:02,Starting monitoring loop
DEBUG,2026-02-06 21:32:02,Lat: 36.70378483333333, Lon: -121.60782033333334, Alt: 35.4 M, Fix: 2
DEBUG,2026-02-06 21:32:03,Lat: 36.703784666666664, Lon: -121.60782133333333, Alt: 35.4 M, Fix: 2
DEBUG,2026-02-06 21:32:04,Lat: 36.70378433333333, Lon: -121.607822, Alt: 35.4 M, Fix: 2
DEBUG,2026-02-06 21:32:05,Download: 826733927.728073
DEBUG,2026-02-06 21:32:05,Lat: 36.7037835, Lon: -121.607822, Alt: 35.4 M, Fix: 2
DEBUG,2026-02-06 21:32:06,Lat: 36.703782833333335, Lon: -121.60782233333333, Alt: 35.4 M, Fix: 2
DEBUG,2026-02-06 21:32:07,Upload: 150496553.36484462
DEBUG,2026-02-06 21:32:07,Lat: 36.703782333333336, Lon: -121.60782266666666, Alt: 35.4 M, Fix: 2
DEBUG,2026-02-06 21:32:08,Lat: 36.70378266666667, Lon: -121.6078225, Alt: 35.3 M, Fix: 2
DEBUG,2026-02-06 21:32:09,Lat: 36.70378266666667, Lon: -121.60782166666667, Alt: 35.2 M, Fix: 2
DEBUG,2026-02-06 21:32:10,Lat: 36.7037825, Lon: -121.60782216666666, Alt: 35.3 M, Fix: 2
DEBUG,2026-02-06 21:32:11,Lat: 36.703782833333335, Lon: -121.60782166666667, Alt: 35.2 M, Fix: 2
DEBUG,2026-02-06 21:32:11,Download: 631318700.9767627
DEBUG,2026-02-06 21:32:12,Lat: 36.70378216666667, Lon: -121.6078215, Alt: 35.1 M, Fix: 2
DEBUG,2026-02-06 21:32:13,Lat: 36.70378216666667, Lon: -121.607821, Alt: 35.0 M, Fix: 2
DEBUG,2026-02-06 21:32:14,Lat: 36.703781666666664, Lon: -121.60782033333334, Alt: 34.9 M, Fix: 2
DEBUG,2026-02-06 21:32:15,Lat: 36.7037815, Lon: -121.6078195, Alt: 35.0 M, Fix: 2
DEBUG,2026-02-06 21:32:16,Lat: 36.7037815, Lon: -121.607819, Alt: 35.0 M, Fix: 2
DEBUG,2026-02-06 21:32:17,Download: 756953422.5578611
DEBUG,2026-02-06 21:32:17,Latitude, Longitude: (36.7037815, -121.607819)
DEBUG,2026-02-06 21:32:17,Download, Upload: (756953422.5578611, 150496553.36484462)
INFO,2026-02-06 21:32:17,Starting monitoring loop
DEBUG,2026-02-06 21:32:17,Lat: 36.70378133333333, Lon: -121.6078185, Alt: 35.1 M, Fix: 2
DEBUG,2026-02-06 21:32:17,Upload: 130227877.48715915
DEBUG,2026-02-06 21:32:18,Lat: 36.70378083333333, Lon: -121.60781733333333, Alt: 35.0 M, Fix: 2
DEBUG,2026-02-06 21:32:19,Lat: 36.70378016666667, Lon: -121.607817, Alt: 35.0 M, Fix: 2
DEBUG,2026-02-06 21:32:20,Lat: 36.70377966666667, Lon: -121.60781666666666, Alt: 35.0 M, Fix: 2
DEBUG,2026-02-06 21:32:21,Lat: 36.70377933333333, Lon: -121.60781566666667, Alt: 35.0 M, Fix: 2
DEBUG,2026-02-06 21:32:22,Lat: 36.70377916666666, Lon: -121.60781533333333, Alt: 35.1 M, Fix: 2
DEBUG,2026-02-06 21:32:22,Download: 669483298.7991235
DEBUG,2026-02-06 21:32:23,Lat: 36.703779, Lon: -121.60781466666667, Alt: 35.1 M, Fix: 2
DEBUG,2026-02-06 21:32:24,Lat: 36.703779, Lon: -121.60781466666667, Alt: 35.1 M, Fix: 2
DEBUG,2026-02-06 21:32:25,Lat: 36.70377883333333, Lon: -121.60781466666667, Alt: 35.1 M, Fix: 2
DEBUG,2026-02-06 21:32:26,Lat: 36.70377833333333, Lon: -121.60781483333334, Alt: 35.2 M, Fix: 2
DEBUG,2026-02-06 21:32:27,Lat: 36.70377783333333, Lon: -121.607815, Alt: 35.3 M, Fix: 2
DEBUG,2026-02-06 21:32:28,Upload: 128956822.25694089
DEBUG,2026-02-06 21:32:28,Lat: 36.70377716666667, Lon: -121.607815, Alt: 35.3 M, Fix: 2
DEBUG,2026-02-06 21:32:29,Download: 626892854.0281259
DEBUG,2026-02-06 21:32:29,Lat: 36.703776833333336, Lon: -121.607815, Alt: 35.4 M, Fix: 2
DEBUG,2026-02-06 21:32:30,Lat: 36.703776166666664, Lon: -121.607815, Alt: 35.5 M, Fix: 2
DEBUG,2026-02-06 21:32:31,Lat: 36.703776, Lon: -121.60781483333334, Alt: 35.6 M, Fix: 2
DEBUG,2026-02-06 21:32:32,Latitude, Longitude: (36.703776, -121.60781483333334)
DEBUG,2026-02-06 21:32:32,Download, Upload: (626892854.0281259, 128956822.25694089)
INFO,2026-02-06 21:32:32,Starting monitoring loop
DEBUG,2026-02-06 21:32:32,Lat: 36.7037755, Lon: -121.60781483333334, Alt: 35.6 M, Fix: 2
DEBUG,2026-02-06 21:32:33,Lat: 36.7037755, Lon: -121.60781483333334, Alt: 35.7 M, Fix: 2
DEBUG,2026-02-06 21:32:34,Download: 829453937.0097853
DEBUG,2026-02-06 21:32:34,Lat: 36.70377583333333, Lon: -121.60781416666667, Alt: 35.7 M, Fix: 2
DEBUG,2026-02-06 21:32:35,Lat: 36.70377633333333, Lon: -121.60781366666667, Alt: 35.8 M, Fix: 2
DEBUG,2026-02-06 21:32:36,Lat: 36.70377666666667, Lon: -121.60781316666667, Alt: 35.8 M, Fix: 2
DEBUG,2026-02-06 21:32:37,Lat: 36.70377633333333, Lon: -121.60781283333333, Alt: 35.8 M, Fix: 2
DEBUG,2026-02-06 21:32:38,Upload: 136490553.9694557
DEBUG,2026-02-06 21:32:38,Lat: 36.703776166666664, Lon: -121.6078125, Alt: 35.8 M, Fix: 2
DEBUG,2026-02-06 21:32:39,Lat: 36.703776166666664, Lon: -121.60781183333333, Alt: 35.9 M, Fix: 2
DEBUG,2026-02-06 21:32:39,Download: 674411079.2340221
DEBUG,2026-02-06 21:32:40,Lat: 36.70377633333333, Lon: -121.60781083333333, Alt: 36.0 M, Fix: 2
